{"/home/travis/build/npmtest/node-npmtest-mosca/test.js":{"path":"/home/travis/build/npmtest/node-npmtest-mosca/test.js","s":{"1":2,"2":2,"3":2,"4":2,"5":2,"6":2,"7":2,"8":1,"9":2,"10":2,"11":1,"12":1,"13":1,"14":1,"15":2,"16":2,"17":2,"18":2,"19":1,"20":1,"21":2,"22":2,"23":2,"24":1,"25":1,"26":1,"27":1,"28":1,"29":1,"30":1,"31":1,"32":1,"33":1,"34":1,"35":1,"36":1,"37":2,"38":2,"39":1,"40":2,"41":2,"42":1,"43":2,"44":2,"45":1,"46":2,"47":2,"48":1,"49":1,"50":1,"51":1,"52":1},"b":{"1":[2,1,1,1],"2":[1,1,1,1],"3":[1,1],"4":[1,1],"5":[1,1],"6":[1,1],"7":[1,1],"8":[1,1],"9":[1,1,1],"10":[1,1],"11":[1,1],"12":[1,1],"13":[1,1],"14":[1,1],"15":[1,1],"16":[1,1]},"f":{"1":2,"2":2,"3":2,"4":2,"5":2,"6":1,"7":1,"8":2,"9":2,"10":2,"11":2,"12":1},"fnMap":{"1":{"name":"(anonymous_1)","line":12,"loc":{"start":{"line":12,"column":1},"end":{"line":12,"column":13}}},"2":{"name":"(anonymous_2)","line":19,"loc":{"start":{"line":19,"column":5},"end":{"line":19,"column":17}}},"3":{"name":"(anonymous_3)","line":23,"loc":{"start":{"line":23,"column":24},"end":{"line":23,"column":36}}},"4":{"name":"(anonymous_4)","line":61,"loc":{"start":{"line":61,"column":5},"end":{"line":61,"column":17}}},"5":{"name":"(anonymous_5)","line":82,"loc":{"start":{"line":82,"column":5},"end":{"line":82,"column":17}}},"6":{"name":"(anonymous_6)","line":102,"loc":{"start":{"line":102,"column":83},"end":{"line":105,"column":10}},"skip":true},"7":{"name":"(anonymous_7)","line":113,"loc":{"start":{"line":113,"column":77},"end":{"line":116,"column":10}},"skip":true},"8":{"name":"(anonymous_8)","line":129,"loc":{"start":{"line":129,"column":12},"end":{"line":129,"column":40}},"skip":true},"9":{"name":"(anonymous_9)","line":137,"loc":{"start":{"line":137,"column":77},"end":{"line":140,"column":10}},"skip":true},"10":{"name":"(anonymous_10)","line":148,"loc":{"start":{"line":148,"column":83},"end":{"line":151,"column":10}},"skip":true},"11":{"name":"(anonymous_11)","line":159,"loc":{"start":{"line":159,"column":79},"end":{"line":162,"column":10}},"skip":true},"12":{"name":"(anonymous_12)","line":170,"loc":{"start":{"line":170,"column":75},"end":{"line":173,"column":10}},"skip":true}},"statementMap":{"1":{"start":{"line":12,"column":0},"end":{"line":185,"column":5}},"2":{"start":{"line":14,"column":4},"end":{"line":14,"column":14}},"3":{"start":{"line":19,"column":4},"end":{"line":56,"column":9}},"4":{"start":{"line":21,"column":8},"end":{"line":21,"column":19}},"5":{"start":{"line":23,"column":8},"end":{"line":35,"column":13}},"6":{"start":{"line":24,"column":12},"end":{"line":34,"column":13}},"7":{"start":{"line":25,"column":16},"end":{"line":28,"column":30}},"8":{"start":{"line":30,"column":16},"end":{"line":33,"column":27}},"9":{"start":{"line":37,"column":8},"end":{"line":39,"column":21}},"10":{"start":{"line":40,"column":8},"end":{"line":53,"column":9}},"11":{"start":{"line":43,"column":12},"end":{"line":46,"column":14}},"12":{"start":{"line":47,"column":12},"end":{"line":47,"column":18}},"13":{"start":{"line":50,"column":12},"end":{"line":51,"column":46}},"14":{"start":{"line":52,"column":12},"end":{"line":52,"column":18}},"15":{"start":{"line":55,"column":8},"end":{"line":55,"column":35}},"16":{"start":{"line":61,"column":4},"end":{"line":63,"column":9}},"17":{"start":{"line":62,"column":8},"end":{"line":62,"column":15}},"18":{"start":{"line":64,"column":4},"end":{"line":77,"column":5}},"19":{"start":{"line":70,"column":8},"end":{"line":70,"column":14}},"20":{"start":{"line":76,"column":8},"end":{"line":76,"column":14}},"21":{"start":{"line":82,"column":4},"end":{"line":84,"column":9}},"22":{"start":{"line":83,"column":8},"end":{"line":83,"column":15}},"23":{"start":{"line":85,"column":4},"end":{"line":184,"column":5}},"24":{"start":{"line":92,"column":8},"end":{"line":94,"column":63}},"25":{"start":{"line":95,"column":8},"end":{"line":95,"column":14}},"26":{"start":{"line":102,"column":8},"end":{"line":111,"column":10},"skip":true},"27":{"start":{"line":109,"column":12},"end":{"line":109,"column":55},"skip":true},"28":{"start":{"line":110,"column":12},"end":{"line":110,"column":48},"skip":true},"29":{"start":{"line":113,"column":8},"end":{"line":126,"column":10},"skip":true},"30":{"start":{"line":120,"column":12},"end":{"line":120,"column":76},"skip":true},"31":{"start":{"line":121,"column":12},"end":{"line":121,"column":73},"skip":true},"32":{"start":{"line":122,"column":12},"end":{"line":122,"column":74},"skip":true},"33":{"start":{"line":123,"column":12},"end":{"line":123,"column":79},"skip":true},"34":{"start":{"line":124,"column":12},"end":{"line":124,"column":25},"skip":true},"35":{"start":{"line":125,"column":12},"end":{"line":125,"column":45},"skip":true},"36":{"start":{"line":128,"column":8},"end":{"line":135,"column":14},"skip":true},"37":{"start":{"line":133,"column":16},"end":{"line":133,"column":29},"skip":true},"38":{"start":{"line":134,"column":16},"end":{"line":134,"column":55},"skip":true},"39":{"start":{"line":137,"column":8},"end":{"line":146,"column":10},"skip":true},"40":{"start":{"line":144,"column":12},"end":{"line":144,"column":25},"skip":true},"41":{"start":{"line":145,"column":12},"end":{"line":145,"column":45},"skip":true},"42":{"start":{"line":148,"column":8},"end":{"line":157,"column":10},"skip":true},"43":{"start":{"line":155,"column":12},"end":{"line":155,"column":25},"skip":true},"44":{"start":{"line":156,"column":12},"end":{"line":156,"column":48},"skip":true},"45":{"start":{"line":159,"column":8},"end":{"line":168,"column":10},"skip":true},"46":{"start":{"line":166,"column":12},"end":{"line":166,"column":25},"skip":true},"47":{"start":{"line":167,"column":12},"end":{"line":167,"column":46},"skip":true},"48":{"start":{"line":170,"column":8},"end":{"line":179,"column":10},"skip":true},"49":{"start":{"line":177,"column":12},"end":{"line":177,"column":94},"skip":true},"50":{"start":{"line":178,"column":12},"end":{"line":178,"column":48},"skip":true},"51":{"start":{"line":182,"column":8},"end":{"line":182,"column":35},"skip":true},"52":{"start":{"line":183,"column":8},"end":{"line":183,"column":14},"skip":true}},"branchMap":{"1":{"line":25,"type":"binary-expr","locations":[{"start":{"line":25,"column":23},"end":{"line":25,"column":62}},{"start":{"line":26,"column":20},"end":{"line":26,"column":70}},{"start":{"line":27,"column":20},"end":{"line":27,"column":71}},{"start":{"line":28,"column":20},"end":{"line":28,"column":29}}]},"2":{"line":30,"type":"binary-expr","locations":[{"start":{"line":30,"column":23},"end":{"line":30,"column":37}},{"start":{"line":31,"column":20},"end":{"line":31,"column":61}},{"start":{"line":32,"column":20},"end":{"line":32,"column":70}},{"start":{"line":33,"column":20},"end":{"line":33,"column":26}}]},"3":{"line":37,"type":"cond-expr","locations":[{"start":{"line":38,"column":14},"end":{"line":38,"column":20}},{"start":{"line":39,"column":14},"end":{"line":39,"column":20}}]},"4":{"line":40,"type":"switch","locations":[{"start":{"line":42,"column":8},"end":{"line":47,"column":18}},{"start":{"line":49,"column":8},"end":{"line":52,"column":18}}]},"5":{"line":44,"type":"binary-expr","locations":[{"start":{"line":44,"column":16},"end":{"line":44,"column":44}},{"start":{"line":44,"column":48},"end":{"line":44,"column":66}}]},"6":{"line":50,"type":"binary-expr","locations":[{"start":{"line":50,"column":21},"end":{"line":50,"column":49}},{"start":{"line":50,"column":53},"end":{"line":50,"column":72}}]},"7":{"line":64,"type":"switch","locations":[{"start":{"line":69,"column":4},"end":{"line":70,"column":14}},{"start":{"line":75,"column":4},"end":{"line":76,"column":14}}]},"8":{"line":85,"type":"switch","locations":[{"start":{"line":90,"column":4},"end":{"line":95,"column":14}},{"start":{"line":101,"column":4},"end":{"line":183,"column":14},"skip":true}]},"9":{"line":92,"type":"binary-expr","locations":[{"start":{"line":92,"column":18},"end":{"line":92,"column":32}},{"start":{"line":93,"column":12},"end":{"line":93,"column":53}},{"start":{"line":94,"column":12},"end":{"line":94,"column":61}}]},"10":{"line":102,"type":"binary-expr","locations":[{"start":{"line":102,"column":45},"end":{"line":102,"column":79},"skip":true},{"start":{"line":102,"column":83},"end":{"line":111,"column":9},"skip":true}]},"11":{"line":113,"type":"binary-expr","locations":[{"start":{"line":113,"column":42},"end":{"line":113,"column":73},"skip":true},{"start":{"line":113,"column":77},"end":{"line":126,"column":9},"skip":true}]},"12":{"line":128,"type":"binary-expr","locations":[{"start":{"line":128,"column":48},"end":{"line":128,"column":85},"skip":true},{"start":{"line":129,"column":12},"end":{"line":135,"column":13},"skip":true}]},"13":{"line":137,"type":"binary-expr","locations":[{"start":{"line":137,"column":42},"end":{"line":137,"column":73},"skip":true},{"start":{"line":137,"column":77},"end":{"line":146,"column":9},"skip":true}]},"14":{"line":148,"type":"binary-expr","locations":[{"start":{"line":148,"column":45},"end":{"line":148,"column":79},"skip":true},{"start":{"line":148,"column":83},"end":{"line":157,"column":9},"skip":true}]},"15":{"line":159,"type":"binary-expr","locations":[{"start":{"line":159,"column":43},"end":{"line":159,"column":75},"skip":true},{"start":{"line":159,"column":79},"end":{"line":168,"column":9},"skip":true}]},"16":{"line":170,"type":"binary-expr","locations":[{"start":{"line":170,"column":41},"end":{"line":170,"column":71},"skip":true},{"start":{"line":170,"column":75},"end":{"line":179,"column":9},"skip":true}]}},"code":["/* istanbul instrument in package npmtest_mosca */","/*jslint","    bitwise: true,","    browser: true,","    maxerr: 8,","    maxlen: 96,","    node: true,","    nomen: true,","    regexp: true,","    stupid: true","*/","(function () {","    'use strict';","    var local;","","","","    // run shared js-env code - pre-init","    (function () {","        // init local","        local = {};","        // init modeJs","        local.modeJs = (function () {","            try {","                return typeof navigator.userAgent === 'string' &&","                    typeof document.querySelector('body') === 'object' &&","                    typeof XMLHttpRequest.prototype.open === 'function' &&","                    'browser';","            } catch (errorCaughtBrowser) {","                return module.exports &&","                    typeof process.versions.node === 'string' &&","                    typeof require('http').createServer === 'function' &&","                    'node';","            }","        }());","        // init global","        local.global = local.modeJs === 'browser'","            ? window","            : global;","        switch (local.modeJs) {","        // re-init local from window.local","        case 'browser':","            local = local.global.utility2.objectSetDefault(","                local.global.utility2_rollup || local.global.local,","                local.global.utility2","            );","            break;","        // re-init local from example.js","        case 'node':","            local = (local.global.utility2_rollup || require('utility2'))","                .requireExampleJsFromReadme();","            break;","        }","        // export local","        local.global.local = local;","    }());","","","","    // run shared js-env code - function","    (function () {","        return;","    }());","    switch (local.modeJs) {","","","","    // run browser js-env code - function","    case 'browser':","        break;","","","","    // run node js-env code - function","    case 'node':","        break;","    }","","","","    // run shared js-env code - post-init","    (function () {","        return;","    }());","    switch (local.modeJs) {","","","","    // run browser js-env code - post-init","    case 'browser':","        // run tests","        local.nop(local.modeTest &&","            document.querySelector('#testRunButton1') &&","            document.querySelector('#testRunButton1').click());","        break;","","","","    // run node js-env code - post-init","    /* istanbul ignore next */","    case 'node':","        local.testCase_buildApidoc_default = local.testCase_buildApidoc_default || function (","            options,","            onError","        ) {","        /*","         * this function will test buildApidoc's default handling-behavior-behavior","         */","            options = { modulePathList: module.paths };","            local.buildApidoc(options, onError);","        };","","        local.testCase_buildApp_default = local.testCase_buildApp_default || function (","            options,","            onError","        ) {","        /*","         * this function will test buildApp's default handling-behavior-behavior","         */","            local.testCase_buildReadme_default(options, local.onErrorThrow);","            local.testCase_buildLib_default(options, local.onErrorThrow);","            local.testCase_buildTest_default(options, local.onErrorThrow);","            local.testCase_buildCustomOrg_default(options, local.onErrorThrow);","            options = [];","            local.buildApp(options, onError);","        };","","        local.testCase_buildCustomOrg_default = local.testCase_buildCustomOrg_default ||","            function (options, onError) {","            /*","             * this function will test buildCustomOrg's default handling-behavior","             */","                options = {};","                local.buildCustomOrg(options, onError);","            };","","        local.testCase_buildLib_default = local.testCase_buildLib_default || function (","            options,","            onError","        ) {","        /*","         * this function will test buildLib's default handling-behavior","         */","            options = {};","            local.buildLib(options, onError);","        };","","        local.testCase_buildReadme_default = local.testCase_buildReadme_default || function (","            options,","            onError","        ) {","        /*","         * this function will test buildReadme's default handling-behavior-behavior","         */","            options = {};","            local.buildReadme(options, onError);","        };","","        local.testCase_buildTest_default = local.testCase_buildTest_default || function (","            options,","            onError","        ) {","        /*","         * this function will test buildTest's default handling-behavior","         */","            options = {};","            local.buildTest(options, onError);","        };","","        local.testCase_webpage_default = local.testCase_webpage_default || function (","            options,","            onError","        ) {","        /*","         * this function will test webpage's default handling-behavior","         */","            options = { modeCoverageMerge: true, url: local.serverLocalHost + '?modeTest=1' };","            local.browserTest(options, onError);","        };","","        // run test-server","        local.testRunServer(local);","        break;","    }","}());",""],"l":{"12":2,"14":2,"19":2,"21":2,"23":2,"24":2,"25":2,"30":1,"37":2,"40":2,"43":1,"47":1,"50":1,"52":1,"55":2,"61":2,"62":2,"64":2,"70":1,"76":1,"82":2,"83":2,"85":2,"92":1,"95":1,"102":1,"109":1,"110":1,"113":1,"120":1,"121":1,"122":1,"123":1,"124":1,"125":1,"128":1,"133":2,"134":2,"137":1,"144":2,"145":2,"148":1,"155":2,"156":2,"159":1,"166":2,"167":2,"170":1,"177":1,"178":1,"182":1,"183":1}},"/home/travis/build/npmtest/node-npmtest-mosca/lib.npmtest_mosca.js":{"path":"/home/travis/build/npmtest/node-npmtest-mosca/lib.npmtest_mosca.js","s":{"1":2,"2":2,"3":2,"4":2,"5":2,"6":2,"7":2,"8":1,"9":2,"10":2,"11":2,"12":2,"13":1,"14":1,"15":1,"16":1},"b":{"1":[2,1,1,1],"2":[1,1,1,1],"3":[1,1],"4":[2,2],"5":[1,1]},"f":{"1":2,"2":2,"3":2},"fnMap":{"1":{"name":"(anonymous_1)","line":12,"loc":{"start":{"line":12,"column":1},"end":{"line":12,"column":13}}},"2":{"name":"(anonymous_2)","line":19,"loc":{"start":{"line":19,"column":5},"end":{"line":19,"column":17}}},"3":{"name":"(anonymous_3)","line":23,"loc":{"start":{"line":23,"column":24},"end":{"line":23,"column":36}}}},"statementMap":{"1":{"start":{"line":12,"column":0},"end":{"line":53,"column":5}},"2":{"start":{"line":14,"column":4},"end":{"line":14,"column":14}},"3":{"start":{"line":19,"column":4},"end":{"line":52,"column":9}},"4":{"start":{"line":21,"column":8},"end":{"line":21,"column":19}},"5":{"start":{"line":23,"column":8},"end":{"line":35,"column":13}},"6":{"start":{"line":24,"column":12},"end":{"line":34,"column":13}},"7":{"start":{"line":25,"column":16},"end":{"line":28,"column":30}},"8":{"start":{"line":30,"column":16},"end":{"line":33,"column":27}},"9":{"start":{"line":37,"column":8},"end":{"line":39,"column":21}},"10":{"start":{"line":41,"column":8},"end":{"line":41,"column":54}},"11":{"start":{"line":43,"column":8},"end":{"line":43,"column":50}},"12":{"start":{"line":45,"column":8},"end":{"line":51,"column":9}},"13":{"start":{"line":46,"column":12},"end":{"line":46,"column":56}},"14":{"start":{"line":48,"column":12},"end":{"line":48,"column":35}},"15":{"start":{"line":49,"column":12},"end":{"line":49,"column":49}},"16":{"start":{"line":50,"column":12},"end":{"line":50,"column":43}}},"branchMap":{"1":{"line":25,"type":"binary-expr","locations":[{"start":{"line":25,"column":23},"end":{"line":25,"column":62}},{"start":{"line":26,"column":20},"end":{"line":26,"column":70}},{"start":{"line":27,"column":20},"end":{"line":27,"column":71}},{"start":{"line":28,"column":20},"end":{"line":28,"column":29}}]},"2":{"line":30,"type":"binary-expr","locations":[{"start":{"line":30,"column":23},"end":{"line":30,"column":37}},{"start":{"line":31,"column":20},"end":{"line":31,"column":61}},{"start":{"line":32,"column":20},"end":{"line":32,"column":70}},{"start":{"line":33,"column":20},"end":{"line":33,"column":26}}]},"3":{"line":37,"type":"cond-expr","locations":[{"start":{"line":38,"column":14},"end":{"line":38,"column":20}},{"start":{"line":39,"column":14},"end":{"line":39,"column":20}}]},"4":{"line":41,"type":"binary-expr","locations":[{"start":{"line":41,"column":16},"end":{"line":41,"column":44}},{"start":{"line":41,"column":48},"end":{"line":41,"column":53}}]},"5":{"line":45,"type":"if","locations":[{"start":{"line":45,"column":8},"end":{"line":45,"column":8}},{"start":{"line":45,"column":8},"end":{"line":45,"column":8}}]}},"code":["/* istanbul instrument in package npmtest_mosca */","/*jslint","    bitwise: true,","    browser: true,","    maxerr: 8,","    maxlen: 96,","    node: true,","    nomen: true,","    regexp: true,","    stupid: true","*/","(function () {","    'use strict';","    var local;","","","","    // run shared js-env code - pre-init","    (function () {","        // init local","        local = {};","        // init modeJs","        local.modeJs = (function () {","            try {","                return typeof navigator.userAgent === 'string' &&","                    typeof document.querySelector('body') === 'object' &&","                    typeof XMLHttpRequest.prototype.open === 'function' &&","                    'browser';","            } catch (errorCaughtBrowser) {","                return module.exports &&","                    typeof process.versions.node === 'string' &&","                    typeof require('http').createServer === 'function' &&","                    'node';","            }","        }());","        // init global","        local.global = local.modeJs === 'browser'","            ? window","            : global;","        // init utility2_rollup","        local = local.global.utility2_rollup || local;","        // init lib","        local.local = local.npmtest_mosca = local;","        // init exports","        if (local.modeJs === 'browser') {","            local.global.utility2_npmtest_mosca = local;","        } else {","            module.exports = local;","            module.exports.__dirname = __dirname;","            module.exports.module = module;","        }","    }());","}());",""],"l":{"12":2,"14":2,"19":2,"21":2,"23":2,"24":2,"25":2,"30":1,"37":2,"41":2,"43":2,"45":2,"46":1,"48":1,"49":1,"50":1}},"/home/travis/build/npmtest/node-npmtest-mosca/example.js":{"path":"/home/travis/build/npmtest/node-npmtest-mosca/example.js","s":{"1":2,"2":2,"3":2,"4":2,"5":2,"6":2,"7":2,"8":1,"9":2,"10":2,"11":2,"12":2,"13":1,"14":2,"15":2,"16":2,"17":2,"18":2,"19":0,"20":2,"21":1,"22":1,"23":1,"24":1,"25":1,"26":0,"27":0,"28":1,"29":1,"30":2,"31":0,"32":0,"33":0,"34":1,"35":2,"36":2,"37":2,"38":2,"39":2,"40":2,"41":0,"42":2,"43":2,"44":2,"45":1,"46":3,"47":1,"48":1,"49":1,"50":1,"51":1,"52":1,"53":1,"54":1,"55":1,"56":1,"57":0,"58":1,"59":6,"60":6,"61":1,"62":2,"63":0,"64":2,"65":1,"66":1,"67":0,"68":0,"69":0,"70":0,"71":0,"72":0,"73":0,"74":0,"75":0,"76":0,"77":0,"78":0,"79":0,"80":0,"81":0,"82":0,"83":0},"b":{"1":[2,1,1,1],"2":[1,1,1,1],"3":[1,1],"4":[2,2],"5":[1,1],"6":[1,1],"7":[2,0],"8":[2,1,1,1,1,1],"9":[0,2,0],"10":[1,1],"11":[2,1,1],"12":[1,0],"13":[0,2],"14":[2,0,0,0,0,0,0],"15":[0,2],"16":[2,0],"17":[1,1],"18":[0,1],"19":[1,2,0,2],"20":[1,0],"21":[1,1],"22":[0,0],"23":[0,0],"24":[0,0],"25":[0,0],"26":[0,0],"27":[0,0],"28":[0,0]},"f":{"1":2,"2":2,"3":2,"4":2,"5":2,"6":2,"7":2,"8":2,"9":3,"10":1,"11":6,"12":0},"fnMap":{"1":{"name":"(anonymous_1)","line":26,"loc":{"start":{"line":26,"column":1},"end":{"line":26,"column":13}}},"2":{"name":"(anonymous_2)","line":33,"loc":{"start":{"line":33,"column":5},"end":{"line":33,"column":17}}},"3":{"name":"(anonymous_3)","line":37,"loc":{"start":{"line":37,"column":24},"end":{"line":37,"column":36}}},"4":{"name":"(anonymous_4)","line":69,"loc":{"start":{"line":69,"column":31},"end":{"line":69,"column":48}},"skip":true},"5":{"name":"(anonymous_5)","line":78,"loc":{"start":{"line":78,"column":26},"end":{"line":78,"column":45}},"skip":true},"6":{"name":"(anonymous_6)","line":123,"loc":{"start":{"line":123,"column":33},"end":{"line":123,"column":48}},"skip":true},"7":{"name":"(anonymous_7)","line":125,"loc":{"start":{"line":125,"column":27},"end":{"line":125,"column":39}},"skip":true},"8":{"name":"(anonymous_8)","line":133,"loc":{"start":{"line":133,"column":59},"end":{"line":133,"column":74}},"skip":true},"9":{"name":"(anonymous_9)","line":143,"loc":{"start":{"line":143,"column":45},"end":{"line":143,"column":62}},"skip":true},"10":{"name":"(anonymous_10)","line":144,"loc":{"start":{"line":144,"column":73},"end":{"line":144,"column":92}},"skip":true},"11":{"name":"(anonymous_11)","line":272,"loc":{"start":{"line":272,"column":51},"end":{"line":272,"column":77}},"skip":true},"12":{"name":"(anonymous_12)","line":314,"loc":{"start":{"line":314,"column":32},"end":{"line":314,"column":61}},"skip":true}},"statementMap":{"1":{"start":{"line":26,"column":0},"end":{"line":325,"column":5}},"2":{"start":{"line":28,"column":4},"end":{"line":28,"column":14}},"3":{"start":{"line":33,"column":4},"end":{"line":60,"column":9}},"4":{"start":{"line":35,"column":8},"end":{"line":35,"column":19}},"5":{"start":{"line":37,"column":8},"end":{"line":49,"column":13}},"6":{"start":{"line":38,"column":12},"end":{"line":48,"column":13}},"7":{"start":{"line":39,"column":16},"end":{"line":42,"column":30}},"8":{"start":{"line":44,"column":16},"end":{"line":47,"column":27}},"9":{"start":{"line":51,"column":8},"end":{"line":53,"column":21}},"10":{"start":{"line":55,"column":8},"end":{"line":57,"column":45}},"11":{"start":{"line":59,"column":8},"end":{"line":59,"column":35}},"12":{"start":{"line":61,"column":4},"end":{"line":324,"column":5}},"13":{"start":{"line":69,"column":8},"end":{"line":121,"column":10},"skip":true},"14":{"start":{"line":70,"column":12},"end":{"line":88,"column":13},"skip":true},"15":{"start":{"line":76,"column":16},"end":{"line":87,"column":19},"skip":true},"16":{"start":{"line":79,"column":20},"end":{"line":86,"column":21},"skip":true},"17":{"start":{"line":82,"column":24},"end":{"line":82,"column":43},"skip":true},"18":{"start":{"line":83,"column":24},"end":{"line":83,"column":30},"skip":true},"19":{"start":{"line":85,"column":24},"end":{"line":85,"column":49},"skip":true},"20":{"start":{"line":89,"column":12},"end":{"line":107,"column":13},"skip":true},"21":{"start":{"line":92,"column":16},"end":{"line":102,"column":17},"skip":true},"22":{"start":{"line":93,"column":20},"end":{"line":93,"column":86},"skip":true},"23":{"start":{"line":94,"column":20},"end":{"line":95,"column":45},"skip":true},"24":{"start":{"line":96,"column":20},"end":{"line":96,"column":42},"skip":true},"25":{"start":{"line":97,"column":20},"end":{"line":97,"column":48},"skip":true},"26":{"start":{"line":100,"column":20},"end":{"line":100,"column":85},"skip":true},"27":{"start":{"line":101,"column":20},"end":{"line":101,"column":96},"skip":true},"28":{"start":{"line":103,"column":16},"end":{"line":103,"column":22},"skip":true},"29":{"start":{"line":106,"column":16},"end":{"line":106,"column":22},"skip":true},"30":{"start":{"line":108,"column":12},"end":{"line":120,"column":13},"skip":true},"31":{"start":{"line":114,"column":16},"end":{"line":119,"column":17},"skip":true},"32":{"start":{"line":116,"column":20},"end":{"line":116,"column":78},"skip":true},"33":{"start":{"line":118,"column":20},"end":{"line":118,"column":53},"skip":true},"34":{"start":{"line":123,"column":8},"end":{"line":141,"column":11},"skip":true},"35":{"start":{"line":124,"column":12},"end":{"line":124,"column":54},"skip":true},"36":{"start":{"line":125,"column":12},"end":{"line":140,"column":14},"skip":true},"37":{"start":{"line":126,"column":16},"end":{"line":126,"column":28},"skip":true},"38":{"start":{"line":127,"column":16},"end":{"line":127,"column":69},"skip":true},"39":{"start":{"line":128,"column":16},"end":{"line":128,"column":75},"skip":true},"40":{"start":{"line":129,"column":16},"end":{"line":131,"column":17},"skip":true},"41":{"start":{"line":130,"column":20},"end":{"line":130,"column":27},"skip":true},"42":{"start":{"line":133,"column":16},"end":{"line":137,"column":36},"skip":true},"43":{"start":{"line":134,"column":20},"end":{"line":136,"column":55},"skip":true},"44":{"start":{"line":139,"column":16},"end":{"line":139,"column":57},"skip":true},"45":{"start":{"line":143,"column":8},"end":{"line":147,"column":11},"skip":true},"46":{"start":{"line":144,"column":12},"end":{"line":146,"column":15},"skip":true},"47":{"start":{"line":145,"column":16},"end":{"line":145,"column":70},"skip":true},"48":{"start":{"line":149,"column":8},"end":{"line":149,"column":31},"skip":true},"49":{"start":{"line":150,"column":8},"end":{"line":150,"column":14},"skip":true},"50":{"start":{"line":158,"column":8},"end":{"line":158,"column":31},"skip":true},"51":{"start":{"line":160,"column":8},"end":{"line":160,"column":33},"skip":true},"52":{"start":{"line":161,"column":8},"end":{"line":161,"column":37},"skip":true},"53":{"start":{"line":162,"column":8},"end":{"line":162,"column":35},"skip":true},"54":{"start":{"line":164,"column":8},"end":{"line":164,"column":50},"skip":true},"55":{"start":{"line":166,"column":8},"end":{"line":256,"column":2},"skip":true},"56":{"start":{"line":258,"column":8},"end":{"line":286,"column":9},"skip":true},"57":{"start":{"line":259,"column":12},"end":{"line":269,"column":14},"skip":true},"58":{"start":{"line":271,"column":12},"end":{"line":285,"column":19},"skip":true},"59":{"start":{"line":274,"column":20},"end":{"line":274,"column":35},"skip":true},"60":{"start":{"line":275,"column":20},"end":{"line":284,"column":21},"skip":true},"61":{"start":{"line":277,"column":24},"end":{"line":277,"column":64},"skip":true},"62":{"start":{"line":279,"column":24},"end":{"line":279,"column":40},"skip":true},"63":{"start":{"line":281,"column":24},"end":{"line":281,"column":40},"skip":true},"64":{"start":{"line":283,"column":24},"end":{"line":283,"column":39},"skip":true},"65":{"start":{"line":288,"column":8},"end":{"line":290,"column":9},"skip":true},"66":{"start":{"line":289,"column":12},"end":{"line":289,"column":18},"skip":true},"67":{"start":{"line":291,"column":8},"end":{"line":293,"column":54},"skip":true},"68":{"start":{"line":294,"column":8},"end":{"line":301,"column":37},"skip":true},"69":{"start":{"line":302,"column":8},"end":{"line":302,"column":82},"skip":true},"70":{"start":{"line":305,"column":8},"end":{"line":307,"column":9},"skip":true},"71":{"start":{"line":306,"column":12},"end":{"line":306,"column":82},"skip":true},"72":{"start":{"line":309,"column":8},"end":{"line":311,"column":9},"skip":true},"73":{"start":{"line":310,"column":12},"end":{"line":310,"column":18},"skip":true},"74":{"start":{"line":312,"column":8},"end":{"line":312,"column":54},"skip":true},"75":{"start":{"line":313,"column":8},"end":{"line":313,"column":69},"skip":true},"76":{"start":{"line":314,"column":8},"end":{"line":322,"column":36},"skip":true},"77":{"start":{"line":315,"column":12},"end":{"line":315,"column":61},"skip":true},"78":{"start":{"line":316,"column":12},"end":{"line":319,"column":13},"skip":true},"79":{"start":{"line":317,"column":16},"end":{"line":317,"column":75},"skip":true},"80":{"start":{"line":318,"column":16},"end":{"line":318,"column":23},"skip":true},"81":{"start":{"line":320,"column":12},"end":{"line":320,"column":38},"skip":true},"82":{"start":{"line":321,"column":12},"end":{"line":321,"column":27},"skip":true},"83":{"start":{"line":323,"column":8},"end":{"line":323,"column":14},"skip":true}},"branchMap":{"1":{"line":39,"type":"binary-expr","locations":[{"start":{"line":39,"column":23},"end":{"line":39,"column":62}},{"start":{"line":40,"column":20},"end":{"line":40,"column":70}},{"start":{"line":41,"column":20},"end":{"line":41,"column":71}},{"start":{"line":42,"column":20},"end":{"line":42,"column":29}}]},"2":{"line":44,"type":"binary-expr","locations":[{"start":{"line":44,"column":23},"end":{"line":44,"column":37}},{"start":{"line":45,"column":20},"end":{"line":45,"column":61}},{"start":{"line":46,"column":20},"end":{"line":46,"column":70}},{"start":{"line":47,"column":20},"end":{"line":47,"column":26}}]},"3":{"line":51,"type":"cond-expr","locations":[{"start":{"line":52,"column":14},"end":{"line":52,"column":20}},{"start":{"line":53,"column":14},"end":{"line":53,"column":20}}]},"4":{"line":55,"type":"binary-expr","locations":[{"start":{"line":55,"column":16},"end":{"line":55,"column":44}},{"start":{"line":55,"column":49},"end":{"line":57,"column":43}}]},"5":{"line":55,"type":"cond-expr","locations":[{"start":{"line":56,"column":14},"end":{"line":56,"column":49}},{"start":{"line":57,"column":14},"end":{"line":57,"column":43}}]},"6":{"line":61,"type":"switch","locations":[{"start":{"line":68,"column":4},"end":{"line":150,"column":14},"skip":true},{"start":{"line":156,"column":4},"end":{"line":323,"column":14},"skip":true}]},"7":{"line":70,"type":"if","locations":[{"start":{"line":70,"column":12},"end":{"line":70,"column":12},"skip":true},{"start":{"line":70,"column":12},"end":{"line":70,"column":12},"skip":true}]},"8":{"line":70,"type":"binary-expr","locations":[{"start":{"line":70,"column":16},"end":{"line":70,"column":22},"skip":true},{"start":{"line":70,"column":27},"end":{"line":70,"column":32},"skip":true},{"start":{"line":71,"column":20},"end":{"line":71,"column":39},"skip":true},{"start":{"line":72,"column":20},"end":{"line":72,"column":49},"skip":true},{"start":{"line":73,"column":20},"end":{"line":73,"column":58},"skip":true},{"start":{"line":74,"column":20},"end":{"line":74,"column":69},"skip":true}]},"9":{"line":79,"type":"switch","locations":[{"start":{"line":80,"column":20},"end":{"line":80,"column":33},"skip":true},{"start":{"line":81,"column":20},"end":{"line":83,"column":30},"skip":true},{"start":{"line":84,"column":20},"end":{"line":85,"column":49},"skip":true}]},"10":{"line":89,"type":"switch","locations":[{"start":{"line":90,"column":12},"end":{"line":103,"column":22},"skip":true},{"start":{"line":105,"column":12},"end":{"line":106,"column":22},"skip":true}]},"11":{"line":89,"type":"binary-expr","locations":[{"start":{"line":89,"column":20},"end":{"line":89,"column":25},"skip":true},{"start":{"line":89,"column":29},"end":{"line":89,"column":48},"skip":true},{"start":{"line":89,"column":52},"end":{"line":89,"column":74},"skip":true}]},"12":{"line":92,"type":"if","locations":[{"start":{"line":92,"column":16},"end":{"line":92,"column":16},"skip":true},{"start":{"line":92,"column":16},"end":{"line":92,"column":16},"skip":true}]},"13":{"line":108,"type":"if","locations":[{"start":{"line":108,"column":12},"end":{"line":108,"column":12},"skip":true},{"start":{"line":108,"column":12},"end":{"line":108,"column":12},"skip":true}]},"14":{"line":108,"type":"binary-expr","locations":[{"start":{"line":108,"column":16},"end":{"line":108,"column":61},"skip":true},{"start":{"line":108,"column":66},"end":{"line":108,"column":72},"skip":true},{"start":{"line":108,"column":77},"end":{"line":108,"column":82},"skip":true},{"start":{"line":109,"column":20},"end":{"line":109,"column":39},"skip":true},{"start":{"line":110,"column":20},"end":{"line":110,"column":49},"skip":true},{"start":{"line":111,"column":20},"end":{"line":111,"column":58},"skip":true},{"start":{"line":112,"column":20},"end":{"line":112,"column":68},"skip":true}]},"15":{"line":129,"type":"if","locations":[{"start":{"line":129,"column":16},"end":{"line":129,"column":16},"skip":true},{"start":{"line":129,"column":16},"end":{"line":129,"column":16},"skip":true}]},"16":{"line":134,"type":"cond-expr","locations":[{"start":{"line":135,"column":26},"end":{"line":135,"column":29},"skip":true},{"start":{"line":136,"column":26},"end":{"line":136,"column":54},"skip":true}]},"17":{"line":164,"type":"binary-expr","locations":[{"start":{"line":164,"column":27},"end":{"line":164,"column":43},"skip":true},{"start":{"line":164,"column":47},"end":{"line":164,"column":49},"skip":true}]},"18":{"line":258,"type":"if","locations":[{"start":{"line":258,"column":8},"end":{"line":258,"column":8},"skip":true},{"start":{"line":258,"column":8},"end":{"line":258,"column":8},"skip":true}]},"19":{"line":275,"type":"switch","locations":[{"start":{"line":276,"column":20},"end":{"line":277,"column":64},"skip":true},{"start":{"line":278,"column":20},"end":{"line":279,"column":40},"skip":true},{"start":{"line":280,"column":20},"end":{"line":281,"column":40},"skip":true},{"start":{"line":282,"column":20},"end":{"line":283,"column":39},"skip":true}]},"20":{"line":288,"type":"if","locations":[{"start":{"line":288,"column":8},"end":{"line":288,"column":8},"skip":true},{"start":{"line":288,"column":8},"end":{"line":288,"column":8},"skip":true}]},"21":{"line":288,"type":"binary-expr","locations":[{"start":{"line":288,"column":12},"end":{"line":288,"column":40},"skip":true},{"start":{"line":288,"column":44},"end":{"line":288,"column":67},"skip":true}]},"22":{"line":292,"type":"binary-expr","locations":[{"start":{"line":292,"column":12},"end":{"line":292,"column":50},"skip":true},{"start":{"line":293,"column":12},"end":{"line":293,"column":53},"skip":true}]},"23":{"line":295,"type":"binary-expr","locations":[{"start":{"line":295,"column":12},"end":{"line":295,"column":63},"skip":true},{"start":{"line":296,"column":12},"end":{"line":301,"column":36},"skip":true}]},"24":{"line":302,"type":"binary-expr","locations":[{"start":{"line":302,"column":43},"end":{"line":302,"column":75},"skip":true},{"start":{"line":302,"column":79},"end":{"line":302,"column":81},"skip":true}]},"25":{"line":305,"type":"if","locations":[{"start":{"line":305,"column":8},"end":{"line":305,"column":8},"skip":true},{"start":{"line":305,"column":8},"end":{"line":305,"column":8},"skip":true}]},"26":{"line":309,"type":"if","locations":[{"start":{"line":309,"column":8},"end":{"line":309,"column":8},"skip":true},{"start":{"line":309,"column":8},"end":{"line":309,"column":8},"skip":true}]},"27":{"line":312,"type":"binary-expr","locations":[{"start":{"line":312,"column":27},"end":{"line":312,"column":43},"skip":true},{"start":{"line":312,"column":47},"end":{"line":312,"column":53},"skip":true}]},"28":{"line":316,"type":"if","locations":[{"start":{"line":316,"column":12},"end":{"line":316,"column":12},"skip":true},{"start":{"line":316,"column":12},"end":{"line":316,"column":12},"skip":true}]}},"code":["/*","example.js","","quickstart example","","instruction","    1. save this script as example.js","    2. run the shell command:","        $ npm install npmtest-mosca && PORT=8081 node example.js","    3. play with the browser-demo on http://127.0.0.1:8081","*/","","","","/* istanbul instrument in package npmtest_mosca */","/*jslint","    bitwise: true,","    browser: true,","    maxerr: 8,","    maxlen: 96,","    node: true,","    nomen: true,","    regexp: true,","    stupid: true","*/","(function () {","    'use strict';","    var local;","","","","    // run shared js-env code - pre-init","    (function () {","        // init local","        local = {};","        // init modeJs","        local.modeJs = (function () {","            try {","                return typeof navigator.userAgent === 'string' &&","                    typeof document.querySelector('body') === 'object' &&","                    typeof XMLHttpRequest.prototype.open === 'function' &&","                    'browser';","            } catch (errorCaughtBrowser) {","                return module.exports &&","                    typeof process.versions.node === 'string' &&","                    typeof require('http').createServer === 'function' &&","                    'node';","            }","        }());","        // init global","        local.global = local.modeJs === 'browser'","            ? window","            : global;","        // init utility2_rollup","        local = local.global.utility2_rollup || (local.modeJs === 'browser'","            ? local.global.utility2_npmtest_mosca","            : global.utility2_moduleExports);","        // export local","        local.global.local = local;","    }());","    switch (local.modeJs) {","","","","    // post-init","    // run browser js-env code - post-init","    /* istanbul ignore next */","    case 'browser':","        local.testRunBrowser = function (event) {","            if (!event || (event &&","                    event.currentTarget &&","                    event.currentTarget.className &&","                    event.currentTarget.className.includes &&","                    event.currentTarget.className.includes('onreset'))) {","                // reset output","                Array.from(","                    document.querySelectorAll('body > .resettable')","                ).forEach(function (element) {","                    switch (element.tagName) {","                    case 'INPUT':","                    case 'TEXTAREA':","                        element.value = '';","                        break;","                    default:","                        element.textContent = '';","                    }","                });","            }","            switch (event && event.currentTarget && event.currentTarget.id) {","            case 'testRunButton1':","                // show tests","                if (document.querySelector('#testReportDiv1').style.display === 'none') {","                    document.querySelector('#testReportDiv1').style.display = 'block';","                    document.querySelector('#testRunButton1').textContent =","                        'hide internal test';","                    local.modeTest = true;","                    local.testRunDefault(local);","                // hide tests","                } else {","                    document.querySelector('#testReportDiv1').style.display = 'none';","                    document.querySelector('#testRunButton1').textContent = 'run internal test';","                }","                break;","            // custom-case","            default:","                break;","            }","            if (document.querySelector('#inputTextareaEval1') && (!event || (event &&","                    event.currentTarget &&","                    event.currentTarget.className &&","                    event.currentTarget.className.includes &&","                    event.currentTarget.className.includes('oneval')))) {","                // try to eval input-code","                try {","                    /*jslint evil: true*/","                    eval(document.querySelector('#inputTextareaEval1').value);","                } catch (errorCaught) {","                    console.error(errorCaught.stack);","                }","            }","        };","        // log stderr and stdout to #outputTextareaStdout1","        ['error', 'log'].forEach(function (key) {","            console[key + '_original'] = console[key];","            console[key] = function () {","                var element;","                console[key + '_original'].apply(console, arguments);","                element = document.querySelector('#outputTextareaStdout1');","                if (!element) {","                    return;","                }","                // append text to #outputTextareaStdout1","                element.value += Array.from(arguments).map(function (arg) {","                    return typeof arg === 'string'","                        ? arg","                        : JSON.stringify(arg, null, 4);","                }).join(' ') + '\\n';","                // scroll textarea to bottom","                element.scrollTop = element.scrollHeight;","            };","        });","        // init event-handling","        ['change', 'click', 'keyup'].forEach(function (event) {","            Array.from(document.querySelectorAll('.on' + event)).forEach(function (element) {","                element.addEventListener(event, local.testRunBrowser);","            });","        });","        // run tests","        local.testRunBrowser();","        break;","","","","    // run node js-env code - post-init","    /* istanbul ignore next */","    case 'node':","        // export local","        module.exports = local;","        // require modules","        local.fs = require('fs');","        local.http = require('http');","        local.url = require('url');","        // init assets","        local.assetsDict = local.assetsDict || {};","        /* jslint-ignore-begin */","        local.assetsDict['/assets.index.template.html'] = '\\","<!doctype html>\\n\\","<html lang=\"en\">\\n\\","<head>\\n\\","<meta charset=\"UTF-8\">\\n\\","<meta name=\"viewport\" content=\"width=device-width, initial-scale=1\">\\n\\","<title>{{env.npm_package_name}} (v{{env.npm_package_version}})</title>\\n\\","<style>\\n\\","/*csslint\\n\\","    box-sizing: false,\\n\\","    universal-selector: false\\n\\","*/\\n\\","* {\\n\\","    box-sizing: border-box;\\n\\","}\\n\\","body {\\n\\","    background: #dde;\\n\\","    font-family: Arial, Helvetica, sans-serif;\\n\\","    margin: 2rem;\\n\\","}\\n\\","body > * {\\n\\","    margin-bottom: 1rem;\\n\\","}\\n\\",".utility2FooterDiv {\\n\\","    margin-top: 20px;\\n\\","    text-align: center;\\n\\","}\\n\\","</style>\\n\\","<style>\\n\\","/*csslint\\n\\","*/\\n\\","textarea {\\n\\","    font-family: monospace;\\n\\","    height: 10rem;\\n\\","    width: 100%;\\n\\","}\\n\\","textarea[readonly] {\\n\\","    background: #ddd;\\n\\","}\\n\\","</style>\\n\\","</head>\\n\\","<body>\\n\\","<!-- utility2-comment\\n\\","<div id=\"ajaxProgressDiv1\" style=\"background: #d00; height: 2px; left: 0; margin: 0; padding: 0; position: fixed; top: 0; transition: background 0.5s, width 1.5s; width: 25%;\"></div>\\n\\","utility2-comment -->\\n\\","<h1>\\n\\","<!-- utility2-comment\\n\\","    <a\\n\\","        {{#if env.npm_package_homepage}}\\n\\","        href=\"{{env.npm_package_homepage}}\"\\n\\","        {{/if env.npm_package_homepage}}\\n\\","        target=\"_blank\"\\n\\","    >\\n\\","utility2-comment -->\\n\\","        {{env.npm_package_name}} (v{{env.npm_package_version}})\\n\\","<!-- utility2-comment\\n\\","    </a>\\n\\","utility2-comment -->\\n\\","</h1>\\n\\","<h3>{{env.npm_package_description}}</h3>\\n\\","<!-- utility2-comment\\n\\","<h4><a download href=\"assets.app.js\">download standalone app</a></h4>\\n\\","<button class=\"onclick onreset\" id=\"testRunButton1\">run internal test</button><br>\\n\\","<div id=\"testReportDiv1\" style=\"display: none;\"></div>\\n\\","utility2-comment -->\\n\\","\\n\\","\\n\\","\\n\\","<label>stderr and stdout</label>\\n\\","<textarea class=\"resettable\" id=\"outputTextareaStdout1\" readonly></textarea>\\n\\","<!-- utility2-comment\\n\\","{{#if isRollup}}\\n\\","<script src=\"assets.app.js\"></script>\\n\\","{{#unless isRollup}}\\n\\","utility2-comment -->\\n\\","<script src=\"assets.utility2.rollup.js\"></script>\\n\\","<script src=\"jsonp.utility2._stateInit?callback=window.utility2._stateInit\"></script>\\n\\","<script src=\"assets.npmtest_mosca.rollup.js\"></script>\\n\\","<script src=\"assets.example.js\"></script>\\n\\","<script src=\"assets.test.js\"></script>\\n\\","<!-- utility2-comment\\n\\","{{/if isRollup}}\\n\\","utility2-comment -->\\n\\","<div class=\"utility2FooterDiv\">\\n\\","    [ this app was created with\\n\\","    <a href=\"https://github.com/kaizhu256/node-utility2\" target=\"_blank\">utility2</a>\\n\\","    ]\\n\\","</div>\\n\\","</body>\\n\\","</html>\\n\\","';","        /* jslint-ignore-end */","        if (local.templateRender) {","            local.assetsDict['/'] = local.templateRender(","                local.assetsDict['/assets.index.template.html'],","                {","                    env: local.objectSetDefault(local.env, {","                        npm_package_description: 'the greatest app in the world!',","                        npm_package_name: 'my-app',","                        npm_package_nameAlias: 'my_app',","                        npm_package_version: '0.0.1'","                    })","                }","            );","        } else {","            local.assetsDict['/'] = local.assetsDict['/assets.index.template.html']","                .replace((/\\{\\{env\\.(\\w+?)\\}\\}/g), function (match0, match1) {","                    // jslint-hack","                    String(match0);","                    switch (match1) {","                    case 'npm_package_description':","                        return 'the greatest app in the world!';","                    case 'npm_package_name':","                        return 'my-app';","                    case 'npm_package_nameAlias':","                        return 'my_app';","                    case 'npm_package_version':","                        return '0.0.1';","                    }","                });","        }","        // run the cli","        if (local.global.utility2_rollup || module !== require.main) {","            break;","        }","        local.assetsDict['/assets.example.js'] =","            local.assetsDict['/assets.example.js'] ||","            local.fs.readFileSync(__filename, 'utf8');","        local.assetsDict['/assets.npmtest_mosca.rollup.js'] =","            local.assetsDict['/assets.npmtest_mosca.rollup.js'] ||","            local.fs.readFileSync(","                // buildCustomOrg-hack","                local.npmtest_mosca.__dirname +","                    '/lib.npmtest_mosca.js',","                'utf8'","            ).replace((/^#!/), '//');","        local.assetsDict['/favicon.ico'] = local.assetsDict['/favicon.ico'] || '';","        // if $npm_config_timeout_exit exists,","        // then exit this process after $npm_config_timeout_exit ms","        if (Number(process.env.npm_config_timeout_exit)) {","            setTimeout(process.exit, Number(process.env.npm_config_timeout_exit));","        }","        // start server","        if (local.global.utility2_serverHttp1) {","            break;","        }","        process.env.PORT = process.env.PORT || '8081';","        console.error('server starting on port ' + process.env.PORT);","        local.http.createServer(function (request, response) {","            request.urlParsed = local.url.parse(request.url);","            if (local.assetsDict[request.urlParsed.pathname] !== undefined) {","                response.end(local.assetsDict[request.urlParsed.pathname]);","                return;","            }","            response.statusCode = 404;","            response.end();","        }).listen(process.env.PORT);","        break;","    }","}());",""],"l":{"26":2,"28":2,"33":2,"35":2,"37":2,"38":2,"39":2,"44":1,"51":2,"55":2,"59":2,"61":2,"69":1,"70":2,"76":2,"79":2,"82":2,"83":2,"85":1,"89":2,"92":1,"93":1,"94":1,"96":1,"97":1,"100":1,"101":1,"103":1,"106":1,"108":2,"114":1,"116":1,"118":1,"123":1,"124":2,"125":2,"126":2,"127":2,"128":2,"129":2,"130":1,"133":2,"134":2,"139":2,"143":1,"144":3,"145":1,"149":1,"150":1,"158":1,"160":1,"161":1,"162":1,"164":1,"166":1,"258":1,"259":1,"271":1,"274":6,"275":6,"277":1,"279":2,"281":1,"283":2,"288":1,"289":1,"291":1,"294":1,"302":1,"305":1,"306":1,"309":1,"310":1,"312":1,"313":1,"314":1,"315":1,"316":1,"317":1,"318":1,"320":1,"321":1,"323":1}},"/home/travis/build/npmtest/node-npmtest-mosca/mosca/index.js":{"path":"/home/travis/build/npmtest/node-npmtest-mosca/mosca/index.js","s":{"1":1,"2":1,"3":1,"4":1},"b":{},"f":{},"fnMap":{},"statementMap":{"1":{"start":{"line":2,"column":0},"end":{"line":2,"column":48}},"2":{"start":{"line":3,"column":0},"end":{"line":3,"column":56}},"3":{"start":{"line":4,"column":0},"end":{"line":4,"column":58}},"4":{"start":{"line":5,"column":0},"end":{"line":5,"column":46}}},"branchMap":{},"code":["","module.exports.Server = require(\"./lib/server\");","module.exports.Authorizer = require(\"./lib/authorizer\");","module.exports.persistence = require(\"./lib/persistence\");","module.exports.Stats = require(\"./lib/stats\");",""],"l":{"2":1,"3":1,"4":1,"5":1}},"/home/travis/build/npmtest/node-npmtest-mosca/mosca/lib/server.js":{"path":"/home/travis/build/npmtest/node-npmtest-mosca/mosca/lib/server.js","s":{"1":1,"2":1,"3":1,"4":1,"5":1,"6":1,"7":1,"8":1,"9":1,"10":1,"11":1,"12":1,"13":1,"14":1,"15":1,"16":1,"17":0,"18":0,"19":0,"20":0,"21":0,"22":0,"23":0,"24":0,"25":0,"26":0,"27":0,"28":0,"29":0,"30":0,"31":0,"32":0,"33":0,"34":0,"35":0,"36":0,"37":0,"38":0,"39":0,"40":0,"41":0,"42":0,"43":0,"44":0,"45":0,"46":0,"47":0,"48":0,"49":0,"50":0,"51":0,"52":0,"53":0,"54":0,"55":0,"56":0,"57":0,"58":0,"59":0,"60":0,"61":0,"62":0,"63":0,"64":0,"65":0,"66":0,"67":0,"68":0,"69":0,"70":0,"71":0,"72":0,"73":0,"74":0,"75":0,"76":0,"77":0,"78":0,"79":0,"80":0,"81":0,"82":0,"83":0,"84":0,"85":0,"86":0,"87":0,"88":0,"89":0,"90":0,"91":0,"92":0,"93":0,"94":0,"95":0,"96":0,"97":0,"98":0,"99":0,"100":0,"101":0,"102":0,"103":0,"104":0,"105":0,"106":0,"107":0,"108":0,"109":0,"110":0,"111":1,"112":1,"113":1,"114":0,"115":1,"116":0,"117":1,"118":0,"119":0,"120":0,"121":0,"122":0,"123":0,"124":0,"125":0,"126":0,"127":0,"128":0,"129":0,"130":0,"131":0,"132":0,"133":0,"134":0,"135":0,"136":0,"137":0,"138":0,"139":0,"140":0,"141":0,"142":1,"143":0,"144":1,"145":0,"146":1,"147":0,"148":1,"149":0,"150":1,"151":0,"152":1,"153":0,"154":0,"155":1,"156":0,"157":0,"158":1,"159":0,"160":0,"161":1,"162":0,"163":0,"164":1,"165":0,"166":0,"167":1,"168":0,"169":0,"170":1,"171":0,"172":0,"173":1,"174":0,"175":0,"176":0,"177":0,"178":0,"179":0,"180":0,"181":0,"182":0,"183":0,"184":0,"185":0,"186":0,"187":0,"188":0,"189":0,"190":0,"191":0,"192":1,"193":0,"194":0,"195":0,"196":0,"197":0,"198":0,"199":0,"200":1,"201":0,"202":1,"203":0},"b":{"1":[0,0],"2":[0,0],"3":[0,0],"4":[0,0],"5":[0,0],"6":[0,0],"7":[0,0],"8":[0,0],"9":[0,0],"10":[0,0],"11":[0,0],"12":[0,0],"13":[0,0],"14":[0,0],"15":[0,0],"16":[0,0],"17":[0,0],"18":[0,0],"19":[0,0],"20":[0,0],"21":[0,0],"22":[0,0],"23":[0,0],"24":[0,0],"25":[0,0],"26":[0,0],"27":[0,0],"28":[0,0],"29":[0,0],"30":[0,0],"31":[0,0],"32":[0,0],"33":[0,0],"34":[0,0],"35":[0,0],"36":[0,0],"37":[0,0],"38":[0,0],"39":[0,0],"40":[0,0],"41":[0,0],"42":[0,0],"43":[0,0],"44":[0,0],"45":[0,0],"46":[0,0]},"f":{"1":0,"2":0,"3":0,"4":0,"5":0,"6":0,"7":0,"8":0,"9":0,"10":0,"11":0,"12":0,"13":0,"14":0,"15":0,"16":0,"17":0,"18":0,"19":0,"20":0,"21":0,"22":0,"23":0,"24":0,"25":0,"26":0,"27":0,"28":0,"29":0,"30":0,"31":0,"32":0,"33":0,"34":0,"35":0,"36":0,"37":0,"38":0,"39":0,"40":0,"41":0,"42":0,"43":0,"44":0,"45":0,"46":0},"fnMap":{"1":{"name":"(anonymous_1)","line":42,"loc":{"start":{"line":42,"column":10},"end":{"line":42,"column":21}}},"2":{"name":"Server","line":100,"loc":{"start":{"line":100,"column":0},"end":{"line":100,"column":32}}},"3":{"name":"(anonymous_3)","line":138,"loc":{"start":{"line":138,"column":25},"end":{"line":138,"column":36}}},"4":{"name":"(anonymous_4)","line":169,"loc":{"start":{"line":169,"column":4},"end":{"line":169,"column":20}}},"5":{"name":"(anonymous_5)","line":183,"loc":{"start":{"line":183,"column":4},"end":{"line":183,"column":20}}},"6":{"name":"(anonymous_6)","line":204,"loc":{"start":{"line":204,"column":4},"end":{"line":204,"column":20}}},"7":{"name":"(anonymous_7)","line":206,"loc":{"start":{"line":206,"column":51},"end":{"line":206,"column":72}}},"8":{"name":"(anonymous_8)","line":219,"loc":{"start":{"line":219,"column":4},"end":{"line":219,"column":20}}},"9":{"name":"(anonymous_9)","line":222,"loc":{"start":{"line":222,"column":41},"end":{"line":222,"column":58}}},"10":{"name":"(anonymous_10)","line":234,"loc":{"start":{"line":234,"column":5},"end":{"line":234,"column":27}}},"11":{"name":"(anonymous_11)","line":240,"loc":{"start":{"line":240,"column":29},"end":{"line":240,"column":46}}},"12":{"name":"(anonymous_12)","line":251,"loc":{"start":{"line":251,"column":21},"end":{"line":251,"column":32}}},"13":{"name":"(anonymous_13)","line":255,"loc":{"start":{"line":255,"column":19},"end":{"line":255,"column":30}}},"14":{"name":"(anonymous_14)","line":258,"loc":{"start":{"line":258,"column":6},"end":{"line":258,"column":31}}},"15":{"name":"(anonymous_15)","line":272,"loc":{"start":{"line":272,"column":26},"end":{"line":272,"column":50}}},"16":{"name":"(anonymous_16)","line":282,"loc":{"start":{"line":282,"column":28},"end":{"line":282,"column":52}}},"17":{"name":"(anonymous_17)","line":293,"loc":{"start":{"line":293,"column":32},"end":{"line":293,"column":49}}},"18":{"name":"(anonymous_18)","line":308,"loc":{"start":{"line":308,"column":28},"end":{"line":308,"column":39}}},"19":{"name":"subscribe","line":320,"loc":{"start":{"line":320,"column":29},"end":{"line":320,"column":71}}},"20":{"name":"publish","line":333,"loc":{"start":{"line":333,"column":27},"end":{"line":333,"column":70}}},"21":{"name":"(anonymous_21)","line":366,"loc":{"start":{"line":366,"column":30},"end":{"line":366,"column":41}}},"22":{"name":"(anonymous_22)","line":376,"loc":{"start":{"line":376,"column":6},"end":{"line":376,"column":17}}},"23":{"name":"(anonymous_23)","line":377,"loc":{"start":{"line":377,"column":42},"end":{"line":377,"column":53}}},"24":{"name":"(anonymous_24)","line":402,"loc":{"start":{"line":402,"column":32},"end":{"line":402,"column":79}}},"25":{"name":"(anonymous_25)","line":417,"loc":{"start":{"line":417,"column":29},"end":{"line":417,"column":64}}},"26":{"name":"(anonymous_26)","line":432,"loc":{"start":{"line":432,"column":36},"end":{"line":432,"column":79}}},"27":{"name":"(anonymous_27)","line":446,"loc":{"start":{"line":446,"column":38},"end":{"line":446,"column":72}}},"28":{"name":"(anonymous_28)","line":460,"loc":{"start":{"line":460,"column":36},"end":{"line":460,"column":71}}},"29":{"name":"(anonymous_29)","line":475,"loc":{"start":{"line":475,"column":31},"end":{"line":475,"column":58}}},"30":{"name":"(anonymous_30)","line":490,"loc":{"start":{"line":490,"column":39},"end":{"line":490,"column":77}}},"31":{"name":"(anonymous_31)","line":506,"loc":{"start":{"line":506,"column":35},"end":{"line":506,"column":71}}},"32":{"name":"(anonymous_32)","line":519,"loc":{"start":{"line":519,"column":46},"end":{"line":519,"column":73}}},"33":{"name":"(anonymous_33)","line":532,"loc":{"start":{"line":532,"column":41},"end":{"line":532,"column":68}}},"34":{"name":"(anonymous_34)","line":547,"loc":{"start":{"line":547,"column":39},"end":{"line":547,"column":91}}},"35":{"name":"(anonymous_35)","line":560,"loc":{"start":{"line":560,"column":33},"end":{"line":560,"column":60}}},"36":{"name":"(anonymous_36)","line":572,"loc":{"start":{"line":572,"column":25},"end":{"line":572,"column":44}}},"37":{"name":"nop","line":576,"loc":{"start":{"line":576,"column":25},"end":{"line":576,"column":40}}},"38":{"name":"(anonymous_38)","line":584,"loc":{"start":{"line":584,"column":36},"end":{"line":584,"column":48}}},"39":{"name":"(anonymous_39)","line":588,"loc":{"start":{"line":588,"column":23},"end":{"line":588,"column":40}}},"40":{"name":"(anonymous_40)","line":596,"loc":{"start":{"line":596,"column":27},"end":{"line":596,"column":49}}},"41":{"name":"(anonymous_41)","line":598,"loc":{"start":{"line":598,"column":5},"end":{"line":598,"column":16}}},"42":{"name":"(anonymous_42)","line":599,"loc":{"start":{"line":599,"column":27},"end":{"line":599,"column":39}}},"43":{"name":"(anonymous_43)","line":614,"loc":{"start":{"line":614,"column":36},"end":{"line":614,"column":59}}},"44":{"name":"(anonymous_44)","line":622,"loc":{"start":{"line":622,"column":23},"end":{"line":622,"column":40}}},"45":{"name":"(anonymous_45)","line":628,"loc":{"start":{"line":628,"column":31},"end":{"line":628,"column":42}}},"46":{"name":"(anonymous_46)","line":632,"loc":{"start":{"line":632,"column":36},"end":{"line":632,"column":47}}}},"statementMap":{"1":{"start":{"line":27,"column":0},"end":{"line":27,"column":44}},"2":{"start":{"line":28,"column":0},"end":{"line":28,"column":37}},"3":{"start":{"line":29,"column":0},"end":{"line":29,"column":31}},"4":{"start":{"line":30,"column":0},"end":{"line":30,"column":41}},"5":{"start":{"line":31,"column":0},"end":{"line":31,"column":50}},"6":{"start":{"line":32,"column":0},"end":{"line":32,"column":27}},"7":{"start":{"line":33,"column":0},"end":{"line":33,"column":31}},"8":{"start":{"line":34,"column":0},"end":{"line":34,"column":33}},"9":{"start":{"line":35,"column":0},"end":{"line":35,"column":31}},"10":{"start":{"line":36,"column":0},"end":{"line":36,"column":33}},"11":{"start":{"line":37,"column":0},"end":{"line":37,"column":43}},"12":{"start":{"line":38,"column":0},"end":{"line":38,"column":35}},"13":{"start":{"line":39,"column":0},"end":{"line":39,"column":41}},"14":{"start":{"line":41,"column":0},"end":{"line":41,"column":40}},"15":{"start":{"line":42,"column":0},"end":{"line":42,"column":24}},"16":{"start":{"line":100,"column":0},"end":{"line":302,"column":1}},"17":{"start":{"line":101,"column":2},"end":{"line":101,"column":43}},"18":{"start":{"line":102,"column":2},"end":{"line":102,"column":54}},"19":{"start":{"line":104,"column":2},"end":{"line":111,"column":3}},"20":{"start":{"line":105,"column":4},"end":{"line":105,"column":56}},"21":{"start":{"line":106,"column":4},"end":{"line":110,"column":5}},"22":{"start":{"line":107,"column":6},"end":{"line":107,"column":38}},"23":{"start":{"line":109,"column":6},"end":{"line":109,"column":34}},"24":{"start":{"line":113,"column":2},"end":{"line":113,"column":44}},"25":{"start":{"line":115,"column":2},"end":{"line":117,"column":3}},"26":{"start":{"line":116,"column":4},"end":{"line":116,"column":38}},"27":{"start":{"line":119,"column":2},"end":{"line":119,"column":26}},"28":{"start":{"line":121,"column":2},"end":{"line":136,"column":3}},"29":{"start":{"line":122,"column":4},"end":{"line":122,"column":49}},"30":{"start":{"line":123,"column":4},"end":{"line":123,"column":33}},"31":{"start":{"line":125,"column":4},"end":{"line":127,"column":5}},"32":{"start":{"line":126,"column":6},"end":{"line":126,"column":60}},"33":{"start":{"line":128,"column":4},"end":{"line":130,"column":5}},"34":{"start":{"line":129,"column":6},"end":{"line":129,"column":56}},"35":{"start":{"line":131,"column":4},"end":{"line":133,"column":5}},"36":{"start":{"line":132,"column":6},"end":{"line":132,"column":58}},"37":{"start":{"line":135,"column":4},"end":{"line":135,"column":27}},"38":{"start":{"line":138,"column":2},"end":{"line":138,"column":39}},"39":{"start":{"line":140,"column":2},"end":{"line":140,"column":20}},"40":{"start":{"line":141,"column":2},"end":{"line":141,"column":20}},"41":{"start":{"line":142,"column":2},"end":{"line":142,"column":22}},"42":{"start":{"line":144,"column":2},"end":{"line":151,"column":3}},"43":{"start":{"line":145,"column":4},"end":{"line":145,"column":49}},"44":{"start":{"line":146,"column":4},"end":{"line":146,"column":42}},"45":{"start":{"line":147,"column":4},"end":{"line":147,"column":39}},"46":{"start":{"line":148,"column":4},"end":{"line":148,"column":60}},"47":{"start":{"line":150,"column":4},"end":{"line":150,"column":47}},"48":{"start":{"line":153,"column":2},"end":{"line":155,"column":3}},"49":{"start":{"line":154,"column":4},"end":{"line":154,"column":27}},"50":{"start":{"line":157,"column":2},"end":{"line":157,"column":18}},"51":{"start":{"line":160,"column":2},"end":{"line":160,"column":53}},"52":{"start":{"line":163,"column":2},"end":{"line":163,"column":20}},"53":{"start":{"line":166,"column":2},"end":{"line":238,"column":5}},"54":{"start":{"line":171,"column":6},"end":{"line":178,"column":7}},"55":{"start":{"line":172,"column":8},"end":{"line":172,"column":55}},"56":{"start":{"line":173,"column":8},"end":{"line":173,"column":15}},"57":{"start":{"line":176,"column":8},"end":{"line":176,"column":76}},"58":{"start":{"line":177,"column":8},"end":{"line":177,"column":68}},"59":{"start":{"line":185,"column":6},"end":{"line":185,"column":98}},"60":{"start":{"line":186,"column":6},"end":{"line":200,"column":7}},"61":{"start":{"line":187,"column":8},"end":{"line":193,"column":9}},"62":{"start":{"line":188,"column":10},"end":{"line":188,"column":47}},"63":{"start":{"line":189,"column":10},"end":{"line":189,"column":67}},"64":{"start":{"line":190,"column":10},"end":{"line":192,"column":11}},"65":{"start":{"line":191,"column":12},"end":{"line":191,"column":91}},"66":{"start":{"line":195,"column":8},"end":{"line":195,"column":81}},"67":{"start":{"line":196,"column":8},"end":{"line":196,"column":36}},"68":{"start":{"line":198,"column":8},"end":{"line":198,"column":32}},"69":{"start":{"line":199,"column":8},"end":{"line":199,"column":15}},"70":{"start":{"line":206,"column":6},"end":{"line":215,"column":15}},"71":{"start":{"line":207,"column":8},"end":{"line":207,"column":39}},"72":{"start":{"line":208,"column":8},"end":{"line":208,"column":54}},"73":{"start":{"line":209,"column":8},"end":{"line":209,"column":54}},"74":{"start":{"line":211,"column":8},"end":{"line":211,"column":69}},"75":{"start":{"line":212,"column":8},"end":{"line":212,"column":34}},"76":{"start":{"line":213,"column":8},"end":{"line":213,"column":65}},"77":{"start":{"line":214,"column":8},"end":{"line":214,"column":38}},"78":{"start":{"line":220,"column":6},"end":{"line":220,"column":23}},"79":{"start":{"line":222,"column":6},"end":{"line":228,"column":9}},"80":{"start":{"line":223,"column":8},"end":{"line":223,"column":30}},"81":{"start":{"line":224,"column":8},"end":{"line":226,"column":9}},"82":{"start":{"line":225,"column":10},"end":{"line":225,"column":33}},"83":{"start":{"line":227,"column":8},"end":{"line":227,"column":35}},"84":{"start":{"line":230,"column":6},"end":{"line":230,"column":50}},"85":{"start":{"line":231,"column":6},"end":{"line":231,"column":25}},"86":{"start":{"line":232,"column":6},"end":{"line":232,"column":17}},"87":{"start":{"line":235,"column":4},"end":{"line":237,"column":5}},"88":{"start":{"line":236,"column":6},"end":{"line":236,"column":20}},"89":{"start":{"line":240,"column":2},"end":{"line":249,"column":5}},"90":{"start":{"line":241,"column":4},"end":{"line":246,"column":5}},"91":{"start":{"line":242,"column":6},"end":{"line":245,"column":9}},"92":{"start":{"line":248,"column":4},"end":{"line":248,"column":37}},"93":{"start":{"line":251,"column":2},"end":{"line":253,"column":5}},"94":{"start":{"line":252,"column":4},"end":{"line":252,"column":25}},"95":{"start":{"line":255,"column":2},"end":{"line":269,"column":5}},"96":{"start":{"line":256,"column":4},"end":{"line":268,"column":6}},"97":{"start":{"line":259,"column":8},"end":{"line":259,"column":31}},"98":{"start":{"line":261,"column":8},"end":{"line":261,"column":39}},"99":{"start":{"line":262,"column":8},"end":{"line":262,"column":27}},"100":{"start":{"line":264,"column":8},"end":{"line":266,"column":9}},"101":{"start":{"line":265,"column":10},"end":{"line":265,"column":71}},"102":{"start":{"line":271,"column":2},"end":{"line":291,"column":3}},"103":{"start":{"line":272,"column":4},"end":{"line":280,"column":7}},"104":{"start":{"line":273,"column":6},"end":{"line":279,"column":9}},"105":{"start":{"line":282,"column":4},"end":{"line":290,"column":7}},"106":{"start":{"line":283,"column":6},"end":{"line":289,"column":9}},"107":{"start":{"line":293,"column":2},"end":{"line":301,"column":5}},"108":{"start":{"line":294,"column":4},"end":{"line":299,"column":5}},"109":{"start":{"line":295,"column":6},"end":{"line":298,"column":9}},"110":{"start":{"line":300,"column":4},"end":{"line":300,"column":35}},"111":{"start":{"line":304,"column":0},"end":{"line":304,"column":24}},"112":{"start":{"line":306,"column":0},"end":{"line":306,"column":57}},"113":{"start":{"line":308,"column":0},"end":{"line":310,"column":2}},"114":{"start":{"line":309,"column":2},"end":{"line":309,"column":24}},"115":{"start":{"line":320,"column":0},"end":{"line":322,"column":2}},"116":{"start":{"line":321,"column":2},"end":{"line":321,"column":52}},"117":{"start":{"line":333,"column":0},"end":{"line":389,"column":2}},"118":{"start":{"line":335,"column":2},"end":{"line":335,"column":18}},"119":{"start":{"line":336,"column":2},"end":{"line":336,"column":27}},"120":{"start":{"line":338,"column":2},"end":{"line":343,"column":3}},"121":{"start":{"line":339,"column":4},"end":{"line":339,"column":22}},"122":{"start":{"line":340,"column":4},"end":{"line":340,"column":18}},"123":{"start":{"line":341,"column":9},"end":{"line":343,"column":3}},"124":{"start":{"line":342,"column":4},"end":{"line":342,"column":27}},"125":{"start":{"line":345,"column":2},"end":{"line":347,"column":3}},"126":{"start":{"line":346,"column":4},"end":{"line":346,"column":19}},"127":{"start":{"line":349,"column":2},"end":{"line":355,"column":4}},"128":{"start":{"line":357,"column":2},"end":{"line":360,"column":4}},"129":{"start":{"line":362,"column":2},"end":{"line":364,"column":3}},"130":{"start":{"line":363,"column":4},"end":{"line":363,"column":30}},"131":{"start":{"line":366,"column":2},"end":{"line":388,"column":5}},"132":{"start":{"line":367,"column":4},"end":{"line":370,"column":5}},"133":{"start":{"line":368,"column":6},"end":{"line":368,"column":82}},"134":{"start":{"line":369,"column":6},"end":{"line":369,"column":13}},"135":{"start":{"line":372,"column":4},"end":{"line":387,"column":6}},"136":{"start":{"line":377,"column":8},"end":{"line":385,"column":11}},"137":{"start":{"line":378,"column":10},"end":{"line":382,"column":11}},"138":{"start":{"line":379,"column":12},"end":{"line":379,"column":68}},"139":{"start":{"line":381,"column":12},"end":{"line":381,"column":68}},"140":{"start":{"line":383,"column":10},"end":{"line":383,"column":52}},"141":{"start":{"line":384,"column":10},"end":{"line":384,"column":41}},"142":{"start":{"line":402,"column":0},"end":{"line":404,"column":2}},"143":{"start":{"line":403,"column":2},"end":{"line":403,"column":23}},"144":{"start":{"line":417,"column":0},"end":{"line":419,"column":2}},"145":{"start":{"line":418,"column":2},"end":{"line":418,"column":17}},"146":{"start":{"line":432,"column":0},"end":{"line":434,"column":2}},"147":{"start":{"line":433,"column":2},"end":{"line":433,"column":23}},"148":{"start":{"line":446,"column":0},"end":{"line":448,"column":2}},"149":{"start":{"line":447,"column":2},"end":{"line":447,"column":23}},"150":{"start":{"line":460,"column":0},"end":{"line":462,"column":2}},"151":{"start":{"line":461,"column":2},"end":{"line":461,"column":23}},"152":{"start":{"line":475,"column":0},"end":{"line":479,"column":2}},"153":{"start":{"line":476,"column":2},"end":{"line":478,"column":3}},"154":{"start":{"line":477,"column":4},"end":{"line":477,"column":15}},"155":{"start":{"line":490,"column":0},"end":{"line":494,"column":2}},"156":{"start":{"line":491,"column":2},"end":{"line":493,"column":3}},"157":{"start":{"line":492,"column":4},"end":{"line":492,"column":15}},"158":{"start":{"line":506,"column":0},"end":{"line":510,"column":2}},"159":{"start":{"line":507,"column":2},"end":{"line":509,"column":3}},"160":{"start":{"line":508,"column":4},"end":{"line":508,"column":15}},"161":{"start":{"line":519,"column":0},"end":{"line":523,"column":2}},"162":{"start":{"line":520,"column":2},"end":{"line":522,"column":3}},"163":{"start":{"line":521,"column":4},"end":{"line":521,"column":15}},"164":{"start":{"line":532,"column":0},"end":{"line":536,"column":2}},"165":{"start":{"line":533,"column":2},"end":{"line":535,"column":3}},"166":{"start":{"line":534,"column":4},"end":{"line":534,"column":15}},"167":{"start":{"line":547,"column":0},"end":{"line":551,"column":2}},"168":{"start":{"line":548,"column":2},"end":{"line":550,"column":3}},"169":{"start":{"line":549,"column":4},"end":{"line":549,"column":27}},"170":{"start":{"line":560,"column":0},"end":{"line":564,"column":2}},"171":{"start":{"line":561,"column":2},"end":{"line":563,"column":3}},"172":{"start":{"line":562,"column":4},"end":{"line":562,"column":15}},"173":{"start":{"line":572,"column":0},"end":{"line":605,"column":2}},"174":{"start":{"line":573,"column":2},"end":{"line":573,"column":18}},"175":{"start":{"line":574,"column":2},"end":{"line":574,"column":24}},"176":{"start":{"line":576,"column":2},"end":{"line":576,"column":43}},"177":{"start":{"line":578,"column":2},"end":{"line":580,"column":3}},"178":{"start":{"line":579,"column":4},"end":{"line":579,"column":22}},"179":{"start":{"line":582,"column":2},"end":{"line":582,"column":21}},"180":{"start":{"line":584,"column":2},"end":{"line":586,"column":5}},"181":{"start":{"line":585,"column":4},"end":{"line":585,"column":39}},"182":{"start":{"line":588,"column":2},"end":{"line":590,"column":5}},"183":{"start":{"line":589,"column":4},"end":{"line":589,"column":30}},"184":{"start":{"line":592,"column":2},"end":{"line":594,"column":3}},"185":{"start":{"line":593,"column":4},"end":{"line":593,"column":40}},"186":{"start":{"line":596,"column":2},"end":{"line":604,"column":5}},"187":{"start":{"line":597,"column":4},"end":{"line":597,"column":39}},"188":{"start":{"line":599,"column":4},"end":{"line":603,"column":7}},"189":{"start":{"line":600,"column":6},"end":{"line":600,"column":40}},"190":{"start":{"line":601,"column":6},"end":{"line":601,"column":26}},"191":{"start":{"line":602,"column":6},"end":{"line":602,"column":17}},"192":{"start":{"line":614,"column":0},"end":{"line":626,"column":2}},"193":{"start":{"line":615,"column":2},"end":{"line":615,"column":18}},"194":{"start":{"line":617,"column":2},"end":{"line":617,"column":31}},"195":{"start":{"line":618,"column":2},"end":{"line":620,"column":3}},"196":{"start":{"line":619,"column":4},"end":{"line":619,"column":20}},"197":{"start":{"line":622,"column":2},"end":{"line":625,"column":5}},"198":{"start":{"line":623,"column":4},"end":{"line":623,"column":38}},"199":{"start":{"line":624,"column":4},"end":{"line":624,"column":27}},"200":{"start":{"line":628,"column":0},"end":{"line":630,"column":2}},"201":{"start":{"line":629,"column":2},"end":{"line":629,"column":25}},"202":{"start":{"line":632,"column":0},"end":{"line":634,"column":2}},"203":{"start":{"line":633,"column":2},"end":{"line":633,"column":28}}},"branchMap":{"1":{"line":104,"type":"if","locations":[{"start":{"line":104,"column":2},"end":{"line":104,"column":2}},{"start":{"line":104,"column":2},"end":{"line":104,"column":2}}]},"2":{"line":106,"type":"if","locations":[{"start":{"line":106,"column":4},"end":{"line":106,"column":4}},{"start":{"line":106,"column":4},"end":{"line":106,"column":4}}]},"3":{"line":115,"type":"if","locations":[{"start":{"line":115,"column":2},"end":{"line":115,"column":2}},{"start":{"line":115,"column":2},"end":{"line":115,"column":2}}]},"4":{"line":121,"type":"if","locations":[{"start":{"line":121,"column":2},"end":{"line":121,"column":2}},{"start":{"line":121,"column":2},"end":{"line":121,"column":2}}]},"5":{"line":125,"type":"if","locations":[{"start":{"line":125,"column":4},"end":{"line":125,"column":4}},{"start":{"line":125,"column":4},"end":{"line":125,"column":4}}]},"6":{"line":126,"type":"binary-expr","locations":[{"start":{"line":126,"column":30},"end":{"line":126,"column":51}},{"start":{"line":126,"column":55},"end":{"line":126,"column":59}}]},"7":{"line":128,"type":"if","locations":[{"start":{"line":128,"column":4},"end":{"line":128,"column":4}},{"start":{"line":128,"column":4},"end":{"line":128,"column":4}}]},"8":{"line":129,"type":"binary-expr","locations":[{"start":{"line":129,"column":28},"end":{"line":129,"column":47}},{"start":{"line":129,"column":51},"end":{"line":129,"column":55}}]},"9":{"line":131,"type":"if","locations":[{"start":{"line":131,"column":4},"end":{"line":131,"column":4}},{"start":{"line":131,"column":4},"end":{"line":131,"column":4}}]},"10":{"line":132,"type":"binary-expr","locations":[{"start":{"line":132,"column":29},"end":{"line":132,"column":49}},{"start":{"line":132,"column":53},"end":{"line":132,"column":57}}]},"11":{"line":138,"type":"binary-expr","locations":[{"start":{"line":138,"column":13},"end":{"line":138,"column":21}},{"start":{"line":138,"column":25},"end":{"line":138,"column":38}}]},"12":{"line":144,"type":"if","locations":[{"start":{"line":144,"column":2},"end":{"line":144,"column":2}},{"start":{"line":144,"column":2},"end":{"line":144,"column":2}}]},"13":{"line":153,"type":"if","locations":[{"start":{"line":153,"column":2},"end":{"line":153,"column":2}},{"start":{"line":153,"column":2},"end":{"line":153,"column":2}}]},"14":{"line":160,"type":"binary-expr","locations":[{"start":{"line":160,"column":12},"end":{"line":160,"column":30}},{"start":{"line":160,"column":34},"end":{"line":160,"column":52}}]},"15":{"line":171,"type":"if","locations":[{"start":{"line":171,"column":6},"end":{"line":171,"column":6}},{"start":{"line":171,"column":6},"end":{"line":171,"column":6}}]},"16":{"line":185,"type":"binary-expr","locations":[{"start":{"line":185,"column":31},"end":{"line":185,"column":58}},{"start":{"line":185,"column":62},"end":{"line":185,"column":97}}]},"17":{"line":186,"type":"if","locations":[{"start":{"line":186,"column":6},"end":{"line":186,"column":6}},{"start":{"line":186,"column":6},"end":{"line":186,"column":6}}]},"18":{"line":187,"type":"if","locations":[{"start":{"line":187,"column":8},"end":{"line":187,"column":8}},{"start":{"line":187,"column":8},"end":{"line":187,"column":8}}]},"19":{"line":190,"type":"if","locations":[{"start":{"line":190,"column":10},"end":{"line":190,"column":10}},{"start":{"line":190,"column":10},"end":{"line":190,"column":10}}]},"20":{"line":208,"type":"binary-expr","locations":[{"start":{"line":208,"column":19},"end":{"line":208,"column":29}},{"start":{"line":208,"column":33},"end":{"line":208,"column":53}}]},"21":{"line":209,"type":"binary-expr","locations":[{"start":{"line":209,"column":19},"end":{"line":209,"column":29}},{"start":{"line":209,"column":33},"end":{"line":209,"column":53}}]},"22":{"line":213,"type":"binary-expr","locations":[{"start":{"line":213,"column":32},"end":{"line":213,"column":52}},{"start":{"line":213,"column":56},"end":{"line":213,"column":64}}]},"23":{"line":224,"type":"if","locations":[{"start":{"line":224,"column":8},"end":{"line":224,"column":8}},{"start":{"line":224,"column":8},"end":{"line":224,"column":8}}]},"24":{"line":235,"type":"if","locations":[{"start":{"line":235,"column":4},"end":{"line":235,"column":4}},{"start":{"line":235,"column":4},"end":{"line":235,"column":4}}]},"25":{"line":241,"type":"if","locations":[{"start":{"line":241,"column":4},"end":{"line":241,"column":4}},{"start":{"line":241,"column":4},"end":{"line":241,"column":4}}]},"26":{"line":264,"type":"if","locations":[{"start":{"line":264,"column":8},"end":{"line":264,"column":8}},{"start":{"line":264,"column":8},"end":{"line":264,"column":8}}]},"27":{"line":264,"type":"binary-expr","locations":[{"start":{"line":264,"column":11},"end":{"line":264,"column":33}},{"start":{"line":264,"column":37},"end":{"line":264,"column":57}}]},"28":{"line":271,"type":"if","locations":[{"start":{"line":271,"column":2},"end":{"line":271,"column":2}},{"start":{"line":271,"column":2},"end":{"line":271,"column":2}}]},"29":{"line":294,"type":"if","locations":[{"start":{"line":294,"column":4},"end":{"line":294,"column":4}},{"start":{"line":294,"column":4},"end":{"line":294,"column":4}}]},"30":{"line":338,"type":"if","locations":[{"start":{"line":338,"column":2},"end":{"line":338,"column":2}},{"start":{"line":338,"column":2},"end":{"line":338,"column":2}}]},"31":{"line":341,"type":"if","locations":[{"start":{"line":341,"column":9},"end":{"line":341,"column":9}},{"start":{"line":341,"column":9},"end":{"line":341,"column":9}}]},"32":{"line":345,"type":"if","locations":[{"start":{"line":345,"column":2},"end":{"line":345,"column":2}},{"start":{"line":345,"column":2},"end":{"line":345,"column":2}}]},"33":{"line":362,"type":"if","locations":[{"start":{"line":362,"column":2},"end":{"line":362,"column":2}},{"start":{"line":362,"column":2},"end":{"line":362,"column":2}}]},"34":{"line":367,"type":"if","locations":[{"start":{"line":367,"column":4},"end":{"line":367,"column":4}},{"start":{"line":367,"column":4},"end":{"line":367,"column":4}}]},"35":{"line":378,"type":"if","locations":[{"start":{"line":378,"column":10},"end":{"line":378,"column":10}},{"start":{"line":378,"column":10},"end":{"line":378,"column":10}}]},"36":{"line":476,"type":"if","locations":[{"start":{"line":476,"column":2},"end":{"line":476,"column":2}},{"start":{"line":476,"column":2},"end":{"line":476,"column":2}}]},"37":{"line":491,"type":"if","locations":[{"start":{"line":491,"column":2},"end":{"line":491,"column":2}},{"start":{"line":491,"column":2},"end":{"line":491,"column":2}}]},"38":{"line":507,"type":"if","locations":[{"start":{"line":507,"column":2},"end":{"line":507,"column":2}},{"start":{"line":507,"column":2},"end":{"line":507,"column":2}}]},"39":{"line":520,"type":"if","locations":[{"start":{"line":520,"column":2},"end":{"line":520,"column":2}},{"start":{"line":520,"column":2},"end":{"line":520,"column":2}}]},"40":{"line":533,"type":"if","locations":[{"start":{"line":533,"column":2},"end":{"line":533,"column":2}},{"start":{"line":533,"column":2},"end":{"line":533,"column":2}}]},"41":{"line":548,"type":"if","locations":[{"start":{"line":548,"column":2},"end":{"line":548,"column":2}},{"start":{"line":548,"column":2},"end":{"line":548,"column":2}}]},"42":{"line":561,"type":"if","locations":[{"start":{"line":561,"column":2},"end":{"line":561,"column":2}},{"start":{"line":561,"column":2},"end":{"line":561,"column":2}}]},"43":{"line":576,"type":"binary-expr","locations":[{"start":{"line":576,"column":13},"end":{"line":576,"column":21}},{"start":{"line":576,"column":25},"end":{"line":576,"column":42}}]},"44":{"line":578,"type":"if","locations":[{"start":{"line":578,"column":2},"end":{"line":578,"column":2}},{"start":{"line":578,"column":2},"end":{"line":578,"column":2}}]},"45":{"line":592,"type":"if","locations":[{"start":{"line":592,"column":2},"end":{"line":592,"column":2}},{"start":{"line":592,"column":2},"end":{"line":592,"column":2}}]},"46":{"line":618,"type":"if","locations":[{"start":{"line":618,"column":2},"end":{"line":618,"column":2}},{"start":{"line":618,"column":2},"end":{"line":618,"column":2}}]}},"code":["/*","Copyright (c) 2013-2016 Matteo Collina, http://matteocollina.com","","Permission is hereby granted, free of charge, to any person","obtaining a copy of 
[...]
},"end":{"line":121,"column":2}},{"start":{"line":121,"column":2},"end":{"line":121,"column":2}}]},"12":{"line":159,"type":"if","locations":[{"start":{"line":159,"column":2},"end":{"line":159,"column":2}},{"start":{"line":159,"column":2},"end":{"line":159,"column":2}}]},"13":{"line":169,"type":"if","locations":[{"start":{"line":169,"column":2},"end":{"line":169,"column":2}},{"start":{"line":169,"column":2},"end":{"line":169,"column":2}}]},"14":{"line":192,"type":"if","locations":[{"start":{"line":192,"column":6},"end":{"line":192,"column":6}},{"start":{"line":192,"column":6},"end":{"line":192,"column":6}}]}},"code":["/*","Copyright (c) 2013-2016 Matteo Collina, http://matteocollina.com","","Permission is hereby granted, free of charge, to any person","obtaining a copy of this software and associated documentation","files (the \"Software\"), to deal in the Software without","restriction, including without limitation the rights to use,","copy, modify, merge, publish, distribute, sublicense, and/or sell","copies of the Software, and to permit persons to whom the","Software is furnished to do so, subject to the following","conditions:","","The above copyright notice and this permission notice shall be","included in all copies or substantial portions of the Software.","","THE SOFTWARE IS PROVIDED \"AS IS\", WITHOUT WARRANTY OF ANY KIND,","EXPRESS OR IMPLIED, INCLUDING BUT NOT LIMITED TO THE WARRANTIES","OF MERCHANTABILITY, FITNESS FOR A PARTICULAR PURPOSE AND","NONINFRINGEMENT. IN NO EVENT SHALL THE AUTHORS OR COPYRIGHT","HOLDERS BE LIABLE FOR ANY CLAIM, DAMAGES OR OTHER LIABILITY,","WHETHER IN AN ACTION OF CONTRACT, TORT OR OTHERWISE, ARISING","FROM, OUT OF OR IN CONNECTION WITH THE SOFTWARE OR THE USE OR","OTHER DEALINGS IN THE SOFTWARE.","*/","\"use strict\";","","var fs = require(\"fs\");","var Connection = require(\"mqtt-connection\");","var http = require(\"http\");","var https = require(\"https\");","var net =  require(\"net\");","var tls = require(\"tls\");","var st = require(\"st\");","","var Client = require(\"./client\");","","module.exports = {","  serverFactory: serverFactory,","","  mqttFactory: mqttFactory,","  mqttsFactory: mqttsFactory,","  httpFactory: httpFactory,","  httpsFactory: httpsFactory,","","  buildWrap: buildWrap,","  buildServe: buildServe,","};","","/**"," * Build internal server for the interface."," * "," * @api private"," * @param  {Object} iface       Interface description"," * @param  {Object} fallback    Fallback values"," * @param  {mosca.Server} mosca Target mosca server"," * @return {any.Server}         Built server"," */","function serverFactory(iface, fallback, mosca) {","  var factories = {","    \"mqtt\":  mqttFactory,","    \"mqtts\": mqttsFactory,","    \"http\":  httpFactory,","    \"https\": httpsFactory,","  };","","  var type = iface.type; // no fallback","  var factory = factories[type] || type;","  return factory(iface, fallback, mosca);","}","","function mqttFactory(iface, fallback, mosca) {","  return net.createServer(buildWrap(mosca));","}","","function mqttsFactory(iface, fallback, mosca) {","  var credentials = iface.credentials || fallback.credentials;","  if (credentials === undefined) {","    throw new Error(\"missing credentials for mqtts server\");","  }","","  if (credentials.keyPath) {","    credentials.key = fs.readFileSync(credentials.keyPath);","  }","","  if (credentials.certPath) {","    credentials.cert = fs.readFileSync(credentials.certPath);","  }","","  if (credentials.caPaths) {","    credentials.ca = [];","    credentials.caPaths.forEach(function (caPath) {","    \tcredentials.ca.push(fs.readFileSync(caPath));","    });","  }","","  return tls.createServer(credentials, buildWrap(mosca));","}","","function httpFactory(iface, fallback, mosca) {","  var serve = buildServe(iface, mosca);","  var server = http.createServer(serve);","","  mosca.attachHttpServer(server);","  return server;","}","","function httpsFactory(iface, fallback, mosca) {","  var credentials = iface.credentials || fallback.credentials;","  if (credentials === undefined) {","    throw new Error(\"missing credentials for https server\");","  }","","  if (credentials.keyPath) {","    credentials.key = fs.readFileSync(credentials.keyPath);","  }","","  if (credentials.certPath) {","    credentials.cert = fs.readFileSync(credentials.certPath);","  }","","  if (credentials.caPaths) {","    credentials.ca = [];","    credentials.caPaths.forEach(function (caPath) {","    \tcredentials.ca.push(fs.readFileSync(caPath));","    });","  }","","  var serve = buildServe(iface, mosca);","  var server = https.createServer(credentials, serve);","  mosca.attachHttpServer(server);","  return server;","}","","","/**"," * Create the wrapper for mqtt server to disable Nagle algorithm."," * "," * @param  {Object}   iface Inrerface from `interfaces`"," * @return {Function}       Wrap function"," */","function buildWrap(mosca) {","  return function wrap(stream) {","    var connection = new Connection(stream);","    stream.setNoDelay(true);","    new Client(connection, mosca); // REFACTOR?","  };","}","","/**"," * Create the serve logic for http server."," * "," * @param  {Object}   iface Inrerface from `interfaces`"," * @return {Function}       Serve function"," */","function buildServe(iface, mosca) {","  var mounts = [];","  var logger = mosca.logger.child({ service: 'http bundle' });","","  if (iface.bundle) {","    mounts.push(st({","      path: __dirname + \"/../public\",","      url: \"/\",","      dot: true,","      index: false,","      passthrough: true","    }));","  }","","  if (iface.static) {","    mounts.push(st({","      path: iface.static,","      dot: true,","      url: \"/\",","      index: \"index.html\",","      passthrough: true","    }));","  }","","  return function serve(req, res) {","","    logger.info({ req: req });","","    var cmounts = [].concat(mounts);","","    res.on('finish', function() {","      logger.info({ res: res });","    });","","    function handle() {","      var mount = cmounts.shift();","","      if (mount) {","        mount(req, res, handle);","      } else {","        res.statusCode = 404;","        res.end(\"Not Found\\n\");","      }","    }","","    handle();","  };","}",""],"l":{"27":1,"28":1,"29":1,"30":1,"31":1,"32":1,"33":1,"35":1,"37":1,"58":1,"59":0,"66":0,"67":0,"68":0,"71":1,"72":0,"75":1,"76":0,"77":0,"78":0,"81":0,"82":0,"85":0,"86":0,"89":0,"90":0,"91":0,"92":0,"96":0,"99":1,"100":0,"101":0,"103":0,"104":0,"107":1,"108":0,"109":0,"110":0,"113":0,"114":0,"117":0,"118":0,"121":0,"122":0,"123":0,"124":0,"128":0,"129":0,"130":0,"131":0,"141":1,"142":0,"143":0,"144":0,"145":0,"155":1,"156":0,"157":0,"159":0,"160":0,"169":0,"170":0,"179":0,"181":0,"183":0,"185":0,"186":0,"189":1,"190":0,"192":0,"193":0,"195":0,"196":0,"200":0}},"/home/travis/build/npmtest/node-npmtest-mosca/mosca/lib/authorizer.js":{"path":"/home/travis/build/npmtest/node-npmtest-mosca/mosca/lib/authorizer.js","s":{"1":1,"2":1,"3":1,"4":1,"5":0,"6":1,"7":1,"8":0,"9":0,"10":0,"11":1,"12":0,"13":0,"14":0,"15":1,"16":0,"17":0,"18":0,"19":1,"20":0,"21":0,"22":0,"23":0,"24":0,"25":0,"26":0,"27":0,"28":0,"29":0,"30":0,"31":0,"32":0,"33":1,"34":0,"35":0,"36":0,"37":0,"38":0,"39":0,"40":0,"41":0,"42":0,"43":0,"44":0,"45":0,"46":0,"47":0,"48":0,"49":0,"50":0,"51":1,"52":0,"53":0,"54":0},"b":{"1":[0,0],"2":[0,0],"3":[0,0],"4":[0,0,0],"5":[0,0],"6":[0,0],"7":[0,0],"8":[0,0],"9":[0,0],"10":[0,0],"11":[0,0]},"f":{"1":0,"2":0,"3":0,"4":0,"5":0,"6":0,"7":0,"8":0,"9":0,"10":0,"11":0,"12":0},"fnMap":{"1":{"name":"Authorizer","line":39,"loc":{"start":{"line":39,"column":0},"end":{"line":39,"column":27}}},"2":{"name":"(anonymous_2)","line":49,"loc":{"start":{"line":49,"column":54},"end":{"line":49,"column":65}}},"3":{"name":"(anonymous_3)","line":51,"loc":{"start":{"line":51,"column":9},"end":{"line":51,"column":42}}},"4":{"name":"(anonymous_4)","line":61,"loc":{"start":{"line":61,"column":58},"end":{"line":61,"column":69}}},"5":{"name":"(anonymous_5)","line":63,"loc":{"start":{"line":63,"column":9},"end":{"line":63,"column":46}}},"6":{"name":"(anonymous_6)","line":73,"loc":{"start":{"line":73,"column":60},"end":{"line":73,"column":71}}},"7":{"name":"(anonymous_7)","line":75,"loc":{"start":{"line":75,"column":9},"end":{"line":75,"column":37}}},"8":{"name":"(anonymous_8)","line":85,"loc":{"start":{"line":85,"column":37},"end":{"line":85,"column":70}}},"9":{"name":"(anonymous_9)","line":102,"loc":{"start":{"line":102,"column":5},"end":{"line":102,"column":37}}},"10":{"name":"(anonymous_10)","line":126,"loc":{"start":{"line":126,"column":31},"end":{"line":127,"column":64}}},"11":{"name":"(anonymous_11)","line":149,"loc":{"start":{"line":149,"column":5},"end":{"line":149,"column":37}}},"12":{"name":"(anonymous_12)","line":173,"loc":{"start":{"line":173,"column":30},"end":{"line":173,"column":49}}}},"statementMap":{"1":{"start":{"line":27,"column":0},"end":{"line":27,"column":42}},"2":{"start":{"line":28,"column":0},"end":{"line":28,"column":37}},"3":{"start":{"line":29,"column":0},"end":{"line":29,"column":23}},"4":{"start":{"line":39,"column":0},"end":{"line":41,"column":1}},"5":{"start":{"line":40,"column":2},"end":{"line":40,"column":27}},"6":{"start":{"line":42,"column":0},"end":{"line":42,"column":28}},"7":{"start":{"line":49,"column":0},"end":{"line":54,"column":3}},"8":{"start":{"line":50,"column":2},"end":{"line":50,"column":18}},"9":{"start":{"line":51,"column":2},"end":{"line":53,"column":4}},"10":{"start":{"line":52,"column":4},"end":{"line":52,"column":47}},"11":{"start":{"line":61,"column":0},"end":{"line":66,"column":3}},"12":{"start":{"line":62,"column":2},"end":{"line":62,"column":18}},"13":{"start":{"line":63,"column":2},"end":{"line":65,"column":4}},"14":{"start":{"line":64,"column":4},"end":{"line":64,"column":88}},"15":{"start":{"line":73,"column":0},"end":{"line":78,"column":3}},"16":{"start":{"line":74,"column":2},"end":{"line":74,"column":18}},"17":{"start":{"line":75,"column":2},"end":{"line":77,"column":4}},"18":{"start":{"line":76,"column":4},"end":{"line":76,"column":90}},"19":{"start":{"line":85,"column":0},"end":{"line":111,"column":2}},"20":{"start":{"line":87,"column":2},"end":{"line":87,"column":56}},"21":{"start":{"line":89,"column":2},"end":{"line":92,"column":3}},"22":{"start":{"line":90,"column":4},"end":{"line":90,"column":20}},"23":{"start":{"line":91,"column":4},"end":{"line":91,"column":11}},"24":{"start":{"line":94,"column":2},"end":{"line":94,"column":25}},"25":{"start":{"line":96,"column":2},"end":{"line":96,"column":21}},"26":{"start":{"line":97,"column":2},"end":{"line":97,"column":26}},"27":{"start":{"line":99,"column":2},"end":{"line":110,"column":5}},"28":{"start":{"line":103,"column":4},"end":{"line":106,"column":5}},"29":{"start":{"line":104,"column":6},"end":{"line":104,"column":14}},"30":{"start":{"line":105,"column":6},"end":{"line":105,"column":13}},"31":{"start":{"line":108,"column":4},"end":{"line":108,"column":39}},"32":{"start":{"line":109,"column":4},"end":{"line":109,"column":22}},"33":{"start":{"line":126,"column":0},"end":{"line":161,"column":2}},"34":{"start":{"line":128,"column":2},"end":{"line":128,"column":18}},"35":{"start":{"line":130,"column":2},"end":{"line":137,"column":3}},"36":{"start":{"line":131,"column":4},"end":{"line":131,"column":26}},"37":{"start":{"line":132,"column":4},"end":{"line":132,"column":28}},"38":{"start":{"line":133,"column":4},"end":{"line":133,"column":30}},"39":{"start":{"line":134,"column":9},"end":{"line":137,"column":3}},"40":{"start":{"line":135,"column":4},"end":{"line":135,"column":28}},"41":{"start":{"line":136,"column":4},"end":{"line":136,"column":30}},"42":{"start":{"line":139,"column":2},"end":{"line":141,"column":3}},"43":{"start":{"line":140,"column":4},"end":{"line":140,"column":35}},"44":{"start":{"line":143,"column":2},"end":{"line":145,"column":3}},"45":{"start":{"line":144,"column":4},"end":{"line":144,"column":37}},"46":{"start":{"line":147,"column":2},"end":{"line":159,"column":5}},"47":{"start":{"line":150,"column":4},"end":{"line":157,"column":5}},"48":{"start":{"line":151,"column":6},"end":{"line":156,"column":8}},"49":{"start":{"line":158,"column":4},"end":{"line":158,"column":12}},"50":{"start":{"line":160,"column":2},"end":{"line":160,"column":14}},"51":{"start":{"line":173,"column":0},"end":{"line":177,"column":2}},"52":{"start":{"line":174,"column":2},"end":{"line":174,"column":26}},"53":{"start":{"line":175,"column":2},"end":{"line":175,"column":7}},"54":{"start":{"line":176,"column":2},"end":{"line":176,"column":14}}},"branchMap":{"1":{"line":40,"type":"binary-expr","locations":[{"start":{"line":40,"column":15},"end":{"line":40,"column":20}},{"start":{"line":40,"column":24},"end":{"line":40,"column":26}}]},"2":{"line":64,"type":"binary-expr","locations":[{"start":{"line":64,"column":30},"end":{"line":64,"column":70}},{"start":{"line":64,"column":74},"end":{"line":64,"column":85}}]},"3":{"line":76,"type":"binary-expr","locations":[{"start":{"line":76,"column":30},"end":{"line":76,"column":72}},{"start":{"line":76,"column":76},"end":{"line":76,"column":87}}]},"4":{"line":87,"type":"binary-expr","locations":[{"start":{"line":87,"column":20},"end":{"line":87,"column":25}},{"start":{"line":87,"column":29},"end":{"line":87,"column":34}},{"start":{"line":87,"column":38},"end":{"line":87,"column":55}}]},"5":{"line":89,"type":"if","locations":[{"start":{"line":89,"column":2},"end":{"line":89,"column":2}},{"start":{"line":89,"column":2},"end":{"line":89,"column":2}}]},"6":{"line":103,"type":"if","locations":[{"start":{"line":103,"column":4},"end":{"line":103,"column":4}},{"start":{"line":103,"column":4},"end":{"line":103,"column":4}}]},"7":{"line":130,"type":"if","locations":[{"start":{"line":130,"column":2},"end":{"line":130,"column":2}},{"start":{"line":130,"column":2},"end":{"line":130,"column":2}}]},"8":{"line":134,"type":"if","locations":[{"start":{"line":134,"column":9},"end":{"line":134,"column":9}},{"start":{"line":134,"column":9},"end":{"line":134,"column":9}}]},"9":{"line":139,"type":"if","locations":[{"start":{"line":139,"column":2},"end":{"line":139,"column":2}},{"start":{"line":139,"column":2},"end":{"line":139,"column":2}}]},"10":{"line":143,"type":"if","locations":[{"start":{"line":143,"column":2},"end":{"line":143,"column":2}},{"start":{"line":143,"column":2},"end":{"line":143,"column":2}}]},"11":{"line":150,"type":"if","locations":[{"start":{"line":150,"column":4},"end":{"line":150,"column":4}},{"start":{"line":150,"column":4},"end":{"line":150,"column":4}}]}},"code":["/*","Copyright (c) 2013-2016 Matteo Collina, http://matteocollina.com","","Permission is hereby granted, free of charge, to any person","obtaining a copy of this software and associated documentation","files (the \"Software\"), to deal in the Software without","restriction, including without limitation the rights to use,","copy, modify, merge, publish, distribute, sublicense, and/or sell","copies of the Software, and to permit persons to whom the","Software is furnished to do so, subject to the following","conditions:","","The above copyright notice and this permission notice shall be","included in all copies or substantial portions of the Software.","","THE SOFTWARE IS PROVIDED \"AS IS\", WITHOUT WARRANTY OF ANY KIND,","EXPRESS OR IMPLIED, INCLUDING BUT NOT LIMITED TO THE WARRANTIES","OF MERCHANTABILITY, FITNESS FOR A PARTICULAR PURPOSE AND","NONINFRINGEMENT. IN NO EVENT SHALL THE AUTHORS OR COPYRIGHT","HOLDERS BE LIABLE FOR ANY CLAIM, DAMAGES OR OTHER LIABILITY,","WHETHER IN AN ACTION OF CONTRACT, TORT OR OTHERWISE, ARISING","FROM, OUT OF OR IN CONNECTION WITH THE SOFTWARE OR THE USE OR","OTHER DEALINGS IN THE SOFTWARE.","*/","\"use strict\";","","var hasher = require(\"pbkdf2-password\")();","var minimatch = require(\"minimatch\");","var defaultGlob = \"**\";","","/**"," * mosca.Authorizer's responsibility is to give an implementation"," * of mosca.Server callback of authorizations, against a JSON file."," *"," * @param {Object} users The user hash, as created by this class"," *  (optional)"," * @api public"," */","function Authorizer(users) {","  this.users = users || {};","}","module.exports = Authorizer;","","/**"," * It returns the authenticate function to plug into mosca.Server."," *"," * @api public"," */","Authorizer.prototype.__defineGetter__(\"authenticate\", function() {","  var that = this;","  return function(client, user, pass, cb) {","    that._authenticate(client, user, pass, cb);","  };","});","","/**"," * It returns the authorizePublish function to plug into mosca.Server."," *"," * @api public"," */","Authorizer.prototype.__defineGetter__(\"authorizePublish\", function() {","  var that = this;","  return function(client, topic, payload, cb) {","    cb(null, minimatch(topic, that.users[client.user].authorizePublish || defaultGlob));","  };","});","","/**"," * It returns the authorizeSubscribe function to plug into mosca.Server."," *"," * @api public"," */","Authorizer.prototype.__defineGetter__(\"authorizeSubscribe\", function() {","  var that = this;","  return function(client, topic, cb) {","    cb(null, minimatch(topic, that.users[client.user].authorizeSubscribe || defaultGlob));","  };","});","","/**"," * The real authentication function"," *"," * @api private"," */","Authorizer.prototype._authenticate = function(client, user, pass, cb) {","","  var missingUser = !user || !pass || !this.users[user];","","  if (missingUser) {","    cb(null, false);","    return;","  }","","  user = user.toString();","","  client.user = user;","  user = this.users[user];","","  hasher({","    password: pass.toString(),","    salt: user.salt","  }, function(err, pass, salt, hash) {","    if (err) {","      cb(err);","      return;","    }","","    var success = (user.hash === hash);","    cb(null, success);","  });","};","","/**"," * An utility function to add an user."," *"," * @api public"," * @param {String} user The username"," * @param {String} pass The password"," * @param {String} authorizePublish The authorizePublish pattern"," *   (optional)"," * @param {String} authorizeSubscribe The authorizeSubscribe pattern"," *   (optional)"," * @param {Function} cb The callback that will be called after the"," *   insertion."," */","Authorizer.prototype.addUser = function(user, pass, authorizePublish,","                                        authorizeSubscribe, cb) {","  var that = this;","","  if (typeof authorizePublish === \"function\") {","    cb = authorizePublish;","    authorizePublish = null;","    authorizeSubscribe = null;","  } else if (typeof authorizeSubscribe == \"function\") {","    cb = authorizeSubscribe;","    authorizeSubscribe = null;","  }","","  if (!authorizePublish) {","    authorizePublish = defaultGlob;","  }","","  if (!authorizeSubscribe) {","    authorizeSubscribe = defaultGlob;","  }","","  hasher({","    password: pass.toString()","  }, function(err, pass, salt, hash) {","    if (!err) {","      that.users[user] = {","        salt: salt,","        hash: hash,","        authorizePublish: authorizePublish,","        authorizeSubscribe: authorizeSubscribe","      };","    }","    cb(err);","  });","  return this;","};","","","/**"," * An utility function to delete a user."," *"," * @api public"," * @param {String} user The username"," * @param {String} pass The password"," * @param {Function} cb The callback that will be called after the"," *   deletion."," */","Authorizer.prototype.rmUser = function(user, cb) {","  delete this.users[user];","  cb();","  return this;","};",""],"l":{"27":1,"28":1,"29":1,"39":1,"40":0,"42":1,"49":1,"50":0,"51":0,"52":0,"61":1,"62":0,"63":0,"64":0,"73":1,"74":0,"75":0,"76":0,"85":1,"87":0,"89":0,"90":0,"91":0,"94":0,"96":0,"97":0,"99":0,"103":0,"104":0,"105":0,"108":0,"109":0,"126":1,"128":0,"130":0,"131":0,"132":0,"133":0,"134":0,"135":0,"136":0,"139":0,"140":0,"143":0,"144":0,"147":0,"150":0,"151":0,"158":0,"160":0,"173":1,"174":0,"175":0,"176":0}}}